19Y-12-31 15:31:43.343 [DESKTOP-FGBMJ7H] [main] [info] Starting server on port 8080
19Y-12-31 15:31:43.359 [DESKTOP-FGBMJ7H] [dbConnection] [info] connected to the database
19Y-12-31 15:32:55.852 [DESKTOP-FGBMJ7H] [main] [info] Starting server on port 8080
19Y-12-31 15:32:55.873 [DESKTOP-FGBMJ7H] [dbConnection] [info] connected to the database
19Y-12-31 15:33:02.153 [DESKTOP-FGBMJ7H] [main] [info] Starting server on port 8080
19Y-12-31 15:33:02.170 [DESKTOP-FGBMJ7H] [dbConnection] [info] connected to the database
19Y-12-31 15:33:22.551 [DESKTOP-FGBMJ7H] [create_new_instance] [info] Missing / invalid value(s): os_details.ip,team.team_name,os_details.network.ip,os_details.network.mac,team,running
19Y-12-31 15:34:42.320 [DESKTOP-FGBMJ7H] [create_new_instance] [info] Missing / invalid value(s): config.timeLimit,config.instanceLimit,instances,config.round_time_limit,config.instance_time_limit,config.instance_limit
19Y-12-31 15:36:03.735 [DESKTOP-FGBMJ7H] [create_new_instance] [info] Missing / invalid value(s): config.round_time_Limit,instances,config.round_time_limit
19Y-12-31 15:36:14.677 [DESKTOP-FGBMJ7H] [create_new_instance] [info] Missing / invalid value(s): instances
19Y-12-31 15:36:37.303 [DESKTOP-FGBMJ7H] [main] [info] Starting server on port 8080
19Y-12-31 15:36:37.318 [DESKTOP-FGBMJ7H] [dbConnection] [info] connected to the database
19Y-12-31 15:36:40.578 [DESKTOP-FGBMJ7H] [create_round] [info] Creating a new round {
  instances: [],
  _id: 5e0bb15803c8145898504727,
  name: 'Test Round',
  config: {
    round_time_limit: 1970-01-01T00:00:00.050Z,
    instance_time_limit: 1970-01-01T00:00:00.090Z,
    instance_limit: 1
  },
  running: false,
  uid: '1d7bf6fe-87eb-4650-99cf-473a12a471ae',
  createdAt: 2019-12-31T20:36:40.569Z,
  updatedAt: 2019-12-31T20:36:40.569Z,
  __v: 0
}
19Y-12-31 15:37:30.494 [DESKTOP-FGBMJ7H] [info] [object Object]
19Y-12-31 15:37:31.991 [DESKTOP-FGBMJ7H] [getRound] [info] {
  config: {
    round_time_limit: 1970-01-01T00:00:00.050Z,
    instance_time_limit: 1970-01-01T00:00:00.090Z,
    instance_limit: 1
  },
  instances: [],
  _id: 5e0bb15803c8145898504727,
  name: 'Test Round',
  running: false,
  uid: '1d7bf6fe-87eb-4650-99cf-473a12a471ae',
  createdAt: 2019-12-31T20:36:40.569Z,
  updatedAt: 2019-12-31T20:36:40.569Z,
  __v: 0
}
19Y-12-31 15:37:50.946 [DESKTOP-FGBMJ7H] [create_new_instance] [info] Missing / invalid value(s): os_details.ip,team.team_name,os_details.network.ip,os_details.network.mac,team,running
19Y-12-31 15:41:08.516 [DESKTOP-FGBMJ7H] [main] [info] Starting server on port 8080
19Y-12-31 15:41:08.534 [DESKTOP-FGBMJ7H] [dbConnection] [info] connected to the database
19Y-12-31 15:41:10.690 [DESKTOP-FGBMJ7H] [create_new_instance] [info] Missing / invalid value(s): os_details.ip,team.team_name,os_details.network.ip,os_details.network.mac,team,running
19Y-12-31 15:41:22.385 [DESKTOP-FGBMJ7H] [main] [info] Starting server on port 8080
19Y-12-31 15:41:22.399 [DESKTOP-FGBMJ7H] [dbConnection] [info] connected to the database
19Y-12-31 15:41:35.832 [DESKTOP-FGBMJ7H] [create_new_instance] [info] Missing / invalid value(s): os_details.ip,team.team_name,os_details.network.ip,os_details.network.mac,team,running
19Y-12-31 15:44:25.545 [DESKTOP-FGBMJ7H] [main] [info] Starting server on port 8080
19Y-12-31 15:44:25.559 [DESKTOP-FGBMJ7H] [dbConnection] [info] connected to the database
19Y-12-31 15:44:27.832 [DESKTOP-FGBMJ7H] [create_new_instance] [info] Missing / invalid value(s): os_details.ip,team.team_name,os_details.network.ip,os_details.network.mac,team,running
19Y-12-31 15:44:50.007 [DESKTOP-FGBMJ7H] [main] [info] Starting server on port 8080
19Y-12-31 15:44:50.020 [DESKTOP-FGBMJ7H] [dbConnection] [info] connected to the database
19Y-12-31 15:44:52.933 [DESKTOP-FGBMJ7H] [create_new_instance] [info] Missing / invalid value(s): os_details.ip,team.team_name,os_details.network.ip,os_details.network.mac,team,running
19Y-12-31 15:44:59.166 [DESKTOP-FGBMJ7H] [main] [info] Starting server on port 8080
19Y-12-31 15:44:59.183 [DESKTOP-FGBMJ7H] [dbConnection] [info] connected to the database
19Y-12-31 15:45:01.546 [DESKTOP-FGBMJ7H] [create_new_instance] [info] Missing / invalid value(s): os_details.ip,team.team_name,os_details.network.ip,os_details.network.mac,team,running
19Y-12-31 15:45:06.892 [DESKTOP-FGBMJ7H] [main] [info] Starting server on port 8080
19Y-12-31 15:45:06.961 [DESKTOP-FGBMJ7H] [dbConnection] [info] connected to the database
19Y-12-31 15:47:25.365 [DESKTOP-FGBMJ7H] [main] [info] Starting server on port 8080
19Y-12-31 15:47:25.379 [DESKTOP-FGBMJ7H] [dbConnection] [info] connected to the database
19Y-12-31 15:47:28.385 [DESKTOP-FGBMJ7H] [create_new_instance] [info] Missing / invalid value(s): os_details.ip,team.team_name,os_details.network.ip,os_details.network.mac,team,running
19Y-12-31 15:47:43.861 [DESKTOP-FGBMJ7H] [main] [info] Starting server on port 8080
19Y-12-31 15:47:43.879 [DESKTOP-FGBMJ7H] [dbConnection] [info] connected to the database
19Y-12-31 15:47:46.775 [DESKTOP-FGBMJ7H] [main] [info] Starting server on port 8080
19Y-12-31 15:47:46.790 [DESKTOP-FGBMJ7H] [dbConnection] [info] connected to the database
19Y-12-31 15:47:47.911 [DESKTOP-FGBMJ7H] [create_new_instance] [info] Missing / invalid value(s): os_details.ip,team.team_name,os_details.network.ip,os_details.network.mac,team,running
19Y-12-31 15:48:40.675 [DESKTOP-FGBMJ7H] [main] [info] Starting server on port 8080
19Y-12-31 15:48:40.690 [DESKTOP-FGBMJ7H] [dbConnection] [info] connected to the database
19Y-12-31 15:48:42.455 [DESKTOP-FGBMJ7H] [create_new_instance] [info] Missing / invalid value(s): os_details.ip,team.team_name,os_details.network.ip,os_details.network.mac,team,running
19Y-12-31 15:48:42.494 [DESKTOP-FGBMJ7H] [create_new_instance] [info] New instance created: 5e0bb42a3692a75c0e229ff8
19Y-12-31 15:49:28.818 [DESKTOP-FGBMJ7H] [main] [info] Starting server on port 8080
19Y-12-31 15:49:28.836 [DESKTOP-FGBMJ7H] [dbConnection] [info] connected to the database
19Y-12-31 15:49:33.676 [DESKTOP-FGBMJ7H] [main] [info] Starting server on port 8080
19Y-12-31 15:49:33.693 [DESKTOP-FGBMJ7H] [dbConnection] [info] connected to the database
19Y-12-31 15:49:34.596 [DESKTOP-FGBMJ7H] [create_new_instance] [info] Missing / invalid value(s): os_details.ip,team.team_name,os_details.network.ip,os_details.network.mac,team,running
19Y-12-31 15:49:34.636 [DESKTOP-FGBMJ7H] [create_new_instance] [info] New instance created: 5e0bb45e32d4e95c6b0f3066
19Y-12-31 15:50:55.856 [DESKTOP-FGBMJ7H] [main] [info] Starting server on port 8080
19Y-12-31 15:50:55.872 [DESKTOP-FGBMJ7H] [dbConnection] [info] connected to the database
19Y-12-31 15:50:57.258 [DESKTOP-FGBMJ7H] [create_new_instance] [info] Missing / invalid value(s): os_details.ip,team.team_name,os_details.network.ip,os_details.network.mac,team,running
19Y-12-31 15:50:57.298 [DESKTOP-FGBMJ7H] [create_new_instance] [info] New instance created: 5e0bb4b12d153c5c97ea3f4a
19Y-12-31 15:51:17.144 [DESKTOP-FGBMJ7H] [getRound] [info] {
  config: {
    round_time_limit: 1970-01-01T00:00:00.050Z,
    instance_time_limit: 1970-01-01T00:00:00.090Z,
    instance_limit: 1
  },
  instances: [],
  _id: 5e0bb15803c8145898504727,
  name: 'Test Round',
  running: false,
  uid: '1d7bf6fe-87eb-4650-99cf-473a12a471ae',
  createdAt: 2019-12-31T20:36:40.569Z,
  updatedAt: 2019-12-31T20:50:57.301Z,
  __v: 0
}
19Y-12-31 15:51:36.217 [DESKTOP-FGBMJ7H] [main] [info] Starting server on port 8080
19Y-12-31 15:51:36.236 [DESKTOP-FGBMJ7H] [dbConnection] [info] connected to the database
19Y-12-31 15:51:38.904 [DESKTOP-FGBMJ7H] [create_new_instance] [info] Missing / invalid value(s): os_details.ip,team.team_name,os_details.network.ip,os_details.network.mac,team,running
19Y-12-31 15:51:38.943 [DESKTOP-FGBMJ7H] [create_new_instance] [info] New instance created: 5e0bb4da3b24cb5cfc6d4820
19Y-12-31 15:51:41.000 [DESKTOP-FGBMJ7H] [getRound] [info] {
  config: {
    round_time_limit: 1970-01-01T00:00:00.050Z,
    instance_time_limit: 1970-01-01T00:00:00.090Z,
    instance_limit: 1
  },
  instances: [ 5e0bb4da3b24cb5cfc6d4820 ],
  _id: 5e0bb15803c8145898504727,
  name: 'Test Round',
  running: false,
  uid: '1d7bf6fe-87eb-4650-99cf-473a12a471ae',
  createdAt: 2019-12-31T20:36:40.569Z,
  updatedAt: 2019-12-31T20:51:38.946Z,
  __v: 0
}
19Y-12-31 15:51:51.920 [DESKTOP-FGBMJ7H] [info] [object Object]
19Y-12-31 15:51:55.053 [DESKTOP-FGBMJ7H] [info] [object Object]
19Y-12-31 15:54:03.796 [DESKTOP-FGBMJ7H] [main] [info] Starting server on port 8080
19Y-12-31 15:54:03.809 [DESKTOP-FGBMJ7H] [dbConnection] [info] connected to the database
19Y-12-31 15:54:06.999 [DESKTOP-FGBMJ7H] [getRound] [info] {
  config: {
    round_time_limit: 1970-01-01T00:00:00.050Z,
    instance_time_limit: 1970-01-01T00:00:00.090Z,
    instance_limit: 1
  },
  instances: [ 5e0bb4da3b24cb5cfc6d4820 ],
  _id: 5e0bb15803c8145898504727,
  name: 'Test Round',
  running: false,
  uid: '1d7bf6fe-87eb-4650-99cf-473a12a471ae',
  createdAt: 2019-12-31T20:36:40.569Z,
  updatedAt: 2019-12-31T20:51:38.946Z,
  __v: 0
}
19Y-12-31 15:54:13.262 [DESKTOP-FGBMJ7H] [getRound] [info] {
  config: {
    round_time_limit: 1970-01-01T00:00:00.050Z,
    instance_time_limit: 1970-01-01T00:00:00.090Z,
    instance_limit: 1
  },
  instances: [ 5e0bb4da3b24cb5cfc6d4820 ],
  _id: 5e0bb15803c8145898504727,
  name: 'Test Round',
  running: false,
  uid: '1d7bf6fe-87eb-4650-99cf-473a12a471ae',
  createdAt: 2019-12-31T20:36:40.569Z,
  updatedAt: 2019-12-31T20:51:38.946Z,
  __v: 0
}
19Y-12-31 15:54:34.821 [DESKTOP-FGBMJ7H] [main] [info] Starting server on port 8080
19Y-12-31 15:54:34.843 [DESKTOP-FGBMJ7H] [dbConnection] [info] connected to the database
19Y-12-31 15:54:37.817 [DESKTOP-FGBMJ7H] [create_new_instance] [info] Missing / invalid value(s): os_details.ip,team.team_name,os_details.network.ip,os_details.network.mac,team,running
19Y-12-31 15:54:37.864 [DESKTOP-FGBMJ7H] [create_new_instance] [info] New instance created: 5e0bb58d342e025e8d4c364d
19Y-12-31 15:54:41.915 [DESKTOP-FGBMJ7H] [getRound] [info] {
  config: {
    round_time_limit: 1970-01-01T00:00:00.050Z,
    instance_time_limit: 1970-01-01T00:00:00.090Z,
    instance_limit: 1
  },
  instances: [ 5e0bb4da3b24cb5cfc6d4820, 5e0bb58d342e025e8d4c364d ],
  _id: 5e0bb15803c8145898504727,
  name: 'Test Round',
  running: false,
  uid: '1d7bf6fe-87eb-4650-99cf-473a12a471ae',
  createdAt: 2019-12-31T20:36:40.569Z,
  updatedAt: 2019-12-31T20:54:37.867Z,
  __v: 0
}
19Y-12-31 15:55:57.812 [DESKTOP-FGBMJ7H] [main] [info] Starting server on port 8080
19Y-12-31 15:55:57.826 [DESKTOP-FGBMJ7H] [dbConnection] [info] connected to the database
19Y-12-31 15:56:00.315 [DESKTOP-FGBMJ7H] [getRound] [info] {
  config: {
    round_time_limit: 1970-01-01T00:00:00.050Z,
    instance_time_limit: 1970-01-01T00:00:00.090Z,
    instance_limit: 1
  },
  instances: [
    {
      os_details: [Object],
      _id: 5e0bb4da3b24cb5cfc6d4820,
      scoring_config: 'WIP',
      uid: '291b13f3-9c12-46ff-ae79-bdcf375ee643',
      team: 5def1511b4ba7c7ae6ffd5cf,
      round: 5e0bb15803c8145898504727,
      createdAt: 2019-12-31T20:51:38.938Z,
      updatedAt: 2019-12-31T20:51:38.938Z,
      __v: 0
    },
    {
      os_details: [Object],
      _id: 5e0bb58d342e025e8d4c364d,
      scoring_config: 'WIP',
      uid: 'fa0ad33e-a5b8-4a7f-8139-6adbeb83282e',
      team: 5def1511b4ba7c7ae6ffd5cf,
      round: 5e0bb15803c8145898504727,
      createdAt: 2019-12-31T20:54:37.859Z,
      updatedAt: 2019-12-31T20:54:37.859Z,
      __v: 0
    }
  ],
  _id: 5e0bb15803c8145898504727,
  name: 'Test Round',
  running: false,
  uid: '1d7bf6fe-87eb-4650-99cf-473a12a471ae',
  createdAt: 2019-12-31T20:36:40.569Z,
  updatedAt: 2019-12-31T20:54:37.867Z,
  __v: 0
}
19Y-12-31 15:56:10.243 [DESKTOP-FGBMJ7H] [getRound] [info] {
  config: {
    round_time_limit: 1970-01-01T00:00:00.050Z,
    instance_time_limit: 1970-01-01T00:00:00.090Z,
    instance_limit: 1
  },
  instances: [ 5e0bb4da3b24cb5cfc6d4820, 5e0bb58d342e025e8d4c364d ],
  _id: 5e0bb15803c8145898504727,
  name: 'Test Round',
  running: false,
  uid: '1d7bf6fe-87eb-4650-99cf-473a12a471ae',
  createdAt: 2019-12-31T20:36:40.569Z,
  updatedAt: 2019-12-31T20:54:37.867Z,
  __v: 0
}
19Y-12-31 15:56:15.250 [DESKTOP-FGBMJ7H] [main] [info] Starting server on port 8080
19Y-12-31 15:56:15.264 [DESKTOP-FGBMJ7H] [dbConnection] [info] connected to the database
19Y-12-31 15:56:54.518 [DESKTOP-FGBMJ7H] [main] [info] Starting server on port 8080
19Y-12-31 15:56:54.532 [DESKTOP-FGBMJ7H] [dbConnection] [info] connected to the database
19Y-12-31 15:56:57.680 [DESKTOP-FGBMJ7H] [create_new_instance] [info] Missing / invalid value(s): os_details.ip,team.team_name,os_details.network.ip,os_details.network.mac,team,running
19Y-12-31 15:56:57.728 [DESKTOP-FGBMJ7H] [create_new_instance] [info] New instance created: 5e0bb619c29d905fdb24d448
19Y-12-31 15:57:03.720 [DESKTOP-FGBMJ7H] [getRound] [info] {
  config: {
    round_time_limit: 1970-01-01T00:00:00.050Z,
    instance_time_limit: 1970-01-01T00:00:00.090Z,
    instance_limit: 1
  },
  instances: [
    {
      os_details: [Object],
      _id: 5e0bb4da3b24cb5cfc6d4820,
      scoring_config: 'WIP',
      uid: '291b13f3-9c12-46ff-ae79-bdcf375ee643',
      team: 5def1511b4ba7c7ae6ffd5cf,
      round: 5e0bb15803c8145898504727,
      createdAt: 2019-12-31T20:51:38.938Z,
      updatedAt: 2019-12-31T20:51:38.938Z,
      __v: 0
    },
    {
      os_details: [Object],
      _id: 5e0bb58d342e025e8d4c364d,
      scoring_config: 'WIP',
      uid: 'fa0ad33e-a5b8-4a7f-8139-6adbeb83282e',
      team: 5def1511b4ba7c7ae6ffd5cf,
      round: 5e0bb15803c8145898504727,
      createdAt: 2019-12-31T20:54:37.859Z,
      updatedAt: 2019-12-31T20:54:37.859Z,
      __v: 0
    },
    {
      os_details: [Object],
      _id: 5e0bb619c29d905fdb24d448,
      scoring_config: 'WIP',
      uid: '90c24d9a-8c89-4720-9b77-de2496e68613',
      team: 5def1511b4ba7c7ae6ffd5cf,
      round: 5e0bb15803c8145898504727,
      createdAt: 2019-12-31T20:56:57.722Z,
      updatedAt: 2019-12-31T20:56:57.722Z,
      __v: 0
    }
  ],
  _id: 5e0bb15803c8145898504727,
  name: 'Test Round',
  running: false,
  uid: '1d7bf6fe-87eb-4650-99cf-473a12a471ae',
  createdAt: 2019-12-31T20:36:40.569Z,
  updatedAt: 2019-12-31T20:56:57.730Z,
  __v: 0
}
19Y-12-31 15:57:55.056 [DESKTOP-FGBMJ7H] [main] [info] Starting server on port 8080
19Y-12-31 15:57:55.070 [DESKTOP-FGBMJ7H] [dbConnection] [info] connected to the database
19Y-12-31 15:59:28.364 [DESKTOP-FGBMJ7H] [create_new_instance] [info] Missing / invalid value(s): os_details.ip,team.team_name,os_details.network.ip,os_details.network.mac,team,running
19Y-12-31 15:59:28.418 [DESKTOP-FGBMJ7H] [create_new_instance] [info] New instance created: 5e0bb6b0847d65602f9f1c86
19Y-12-31 16:00:05.778 [DESKTOP-FGBMJ7H] [main] [info] Starting server on port 8080
19Y-12-31 16:00:05.791 [DESKTOP-FGBMJ7H] [dbConnection] [info] connected to the database
19Y-12-31 17:54:29.243 [DESKTOP-FGBMJ7H] [main] [info] Starting server on port 8080
19Y-12-31 17:54:29.281 [DESKTOP-FGBMJ7H] [dbConnection] [info] connected to the database
19Y-12-31 17:54:53.126 [DESKTOP-FGBMJ7H] [create_new_instance] [info] Missing / invalid value(s): os_details.hostnme,os_details.ip,team.team_name,os_details.hostname,os_details.network.ip,os_details.network.mac,team,running
19Y-12-31 17:58:45.170 [DESKTOP-FGBMJ7H] [main] [info] Starting server on port 8080
19Y-12-31 17:58:45.193 [DESKTOP-FGBMJ7H] [dbConnection] [info] connected to the database
19Y-12-31 17:58:47.068 [DESKTOP-FGBMJ7H] [create_new_instance] [info] Missing / invalid value(s): os_details.hostnme,os_details.ip,team.team_name,os_details.hostname,os_details.network.ip,os_details.network.mac,team,running
19Y-12-31 17:58:51.246 [DESKTOP-FGBMJ7H] [create_new_instance] [info] Missing / invalid value(s): os_details.ip,team.team_name,os_details.network.ip,os_details.network.mac,team,running
19Y-12-31 17:58:51.267 [DESKTOP-FGBMJ7H] [create_new_instance] [info] New instance created: 5e0bd2abb59fff68a5785466
19Y-12-31 17:58:57.164 [DESKTOP-FGBMJ7H] [create_new_instance] [info] Missing / invalid value(s): os_details.releae,os_details.ip,team.team_name,os_details.release,os_details.network.ip,os_details.network.mac,team,running
19Y-12-31 17:59:00.399 [DESKTOP-FGBMJ7H] [create_new_instance] [info] Missing / invalid value(s): os_details.hostnme,os_details.releae,os_details.ip,team.team_name,os_details.hostname,os_details.release,os_details.network.ip,os_details.network.mac,team,running
19Y-12-31 18:03:07.307 [DESKTOP-FGBMJ7H] [main] [info] Starting server on port 8080
19Y-12-31 18:03:07.366 [DESKTOP-FGBMJ7H] [dbConnection] [info] connected to the database
19Y-12-31 18:03:10.307 [DESKTOP-FGBMJ7H] [create_new_instance] [info] Missing / invalid value(s): os_details.hostnme,os_details.releae,os_details.ip,team.team_name,os_details.hostname,os_details.release,os_details.network.ip,os_details.network.mac,team,running
19Y-12-31 18:03:49.545 [DESKTOP-FGBMJ7H] [main] [info] Starting server on port 8080
19Y-12-31 18:03:49.569 [DESKTOP-FGBMJ7H] [dbConnection] [info] connected to the database
19Y-12-31 18:05:29.847 [DESKTOP-FGBMJ7H] [main] [info] Starting server on port 8080
19Y-12-31 18:05:29.875 [DESKTOP-FGBMJ7H] [dbConnection] [info] connected to the database
19Y-12-31 18:07:16.703 [DESKTOP-FGBMJ7H] [main] [info] Starting server on port 8080
19Y-12-31 18:07:16.734 [DESKTOP-FGBMJ7H] [dbConnection] [info] connected to the database
19Y-12-31 18:08:22.932 [DESKTOP-FGBMJ7H] [main] [info] Starting server on port 8080
19Y-12-31 18:08:22.953 [DESKTOP-FGBMJ7H] [dbConnection] [info] connected to the database
19Y-12-31 18:08:53.434 [DESKTOP-FGBMJ7H] [main] [info] Starting server on port 8080
19Y-12-31 18:08:53.463 [DESKTOP-FGBMJ7H] [dbConnection] [info] connected to the database
19Y-12-31 18:11:12.509 [DESKTOP-FGBMJ7H] [create_new_instance] [info] New instance created: 5e0bd59089c3846aad9451b4
19Y-12-31 18:11:13.272 [DESKTOP-FGBMJ7H] [main] [info] Starting server on port 8080
19Y-12-31 18:11:13.302 [DESKTOP-FGBMJ7H] [dbConnection] [info] connected to the database
19Y-12-31 18:12:38.430 [DESKTOP-FGBMJ7H] [main] [info] Starting server on port 8080
19Y-12-31 18:12:38.456 [DESKTOP-FGBMJ7H] [dbConnection] [info] connected to the database
19Y-12-31 18:12:39.735 [DESKTOP-FGBMJ7H] [create_new_instance] [info] New instance created: 5e0bd5e7b002e36b171b3fa1
19Y-12-31 18:14:19.142 [DESKTOP-FGBMJ7H] [main] [info] Starting server on port 8080
19Y-12-31 18:14:19.161 [DESKTOP-FGBMJ7H] [dbConnection] [info] connected to the database
19Y-12-31 18:14:21.345 [DESKTOP-FGBMJ7H] [main] [info] Starting server on port 8080
19Y-12-31 18:14:21.382 [DESKTOP-FGBMJ7H] [dbConnection] [info] connected to the database
19Y-12-31 18:15:10.591 [DESKTOP-FGBMJ7H] [main] [info] Starting server on port 8080
19Y-12-31 18:15:10.612 [DESKTOP-FGBMJ7H] [dbConnection] [info] connected to the database
19Y-12-31 18:17:33.841 [DESKTOP-FGBMJ7H] [main] [info] Starting server on port 8080
19Y-12-31 18:17:33.865 [DESKTOP-FGBMJ7H] [dbConnection] [info] connected to the database
19Y-12-31 18:18:40.001 [DESKTOP-FGBMJ7H] [main] [info] Starting server on port 8080
19Y-12-31 18:18:40.029 [DESKTOP-FGBMJ7H] [dbConnection] [info] connected to the database
19Y-12-31 18:22:17.689 [DESKTOP-FGBMJ7H] [main] [info] Starting server on port 8080
19Y-12-31 18:22:17.720 [DESKTOP-FGBMJ7H] [dbConnection] [info] connected to the database
19Y-12-31 18:27:42.828 [DESKTOP-FGBMJ7H] [main] [info] Starting server on port 8080
19Y-12-31 18:27:42.855 [DESKTOP-FGBMJ7H] [dbConnection] [info] connected to the database
19Y-12-31 18:28:54.197 [DESKTOP-FGBMJ7H] [main] [info] Starting server on port 8080
19Y-12-31 18:28:54.232 [DESKTOP-FGBMJ7H] [dbConnection] [info] connected to the database
19Y-12-31 18:29:12.218 [DESKTOP-FGBMJ7H] [main] [info] Starting server on port 8080
19Y-12-31 18:29:12.247 [DESKTOP-FGBMJ7H] [dbConnection] [info] connected to the database
19Y-12-31 18:29:55.781 [DESKTOP-FGBMJ7H] [main] [info] Starting server on port 8080
19Y-12-31 18:29:55.806 [DESKTOP-FGBMJ7H] [dbConnection] [info] connected to the database
19Y-12-31 18:30:22.554 [DESKTOP-FGBMJ7H] [main] [info] Starting server on port 8080
19Y-12-31 18:30:22.573 [DESKTOP-FGBMJ7H] [dbConnection] [info] connected to the database
19Y-12-31 18:31:02.746 [DESKTOP-FGBMJ7H] [main] [info] Starting server on port 8080
19Y-12-31 18:31:02.785 [DESKTOP-FGBMJ7H] [dbConnection] [info] connected to the database
19Y-12-31 18:31:29.942 [DESKTOP-FGBMJ7H] [main] [info] Starting server on port 8080
19Y-12-31 18:31:29.971 [DESKTOP-FGBMJ7H] [dbConnection] [info] connected to the database
19Y-12-31 18:31:48.201 [DESKTOP-FGBMJ7H] [main] [info] Starting server on port 8080
19Y-12-31 18:31:48.230 [DESKTOP-FGBMJ7H] [dbConnection] [info] connected to the database
19Y-12-31 18:32:01.693 [DESKTOP-FGBMJ7H] [main] [info] Starting server on port 8080
19Y-12-31 18:32:01.742 [DESKTOP-FGBMJ7H] [dbConnection] [info] connected to the database
19Y-12-31 18:32:03.912 [DESKTOP-FGBMJ7H] [main] [info] Starting server on port 8080
19Y-12-31 18:32:03.938 [DESKTOP-FGBMJ7H] [dbConnection] [info] connected to the database
19Y-12-31 18:32:13.937 [DESKTOP-FGBMJ7H] [main] [info] Starting server on port 8080
19Y-12-31 18:32:13.968 [DESKTOP-FGBMJ7H] [dbConnection] [info] connected to the database
19Y-12-31 18:34:43.385 [DESKTOP-FGBMJ7H] [main] [info] Starting server on port 8080
19Y-12-31 18:34:43.417 [DESKTOP-FGBMJ7H] [dbConnection] [info] connected to the database
19Y-12-31 18:35:04.303 [DESKTOP-FGBMJ7H] [main] [info] Starting server on port 8080
19Y-12-31 18:35:04.328 [DESKTOP-FGBMJ7H] [dbConnection] [info] connected to the database
19Y-12-31 18:35:56.289 [DESKTOP-FGBMJ7H] [main] [info] Starting server on port 8080
19Y-12-31 18:35:56.327 [DESKTOP-FGBMJ7H] [dbConnection] [info] connected to the database
19Y-12-31 18:39:14.714 [DESKTOP-FGBMJ7H] [main] [info] Starting server on port 8080
19Y-12-31 18:39:14.751 [DESKTOP-FGBMJ7H] [dbConnection] [info] connected to the database
19Y-12-31 18:39:35.015 [DESKTOP-FGBMJ7H] [main] [info] Starting server on port 8080
19Y-12-31 18:39:35.035 [DESKTOP-FGBMJ7H] [dbConnection] [info] connected to the database
19Y-12-31 18:39:57.655 [DESKTOP-FGBMJ7H] [main] [info] Starting server on port 8080
19Y-12-31 18:39:57.687 [DESKTOP-FGBMJ7H] [dbConnection] [info] connected to the database
19Y-12-31 18:40:06.451 [DESKTOP-FGBMJ7H] [main] [info] Starting server on port 8080
19Y-12-31 18:40:06.482 [DESKTOP-FGBMJ7H] [dbConnection] [info] connected to the database
19Y-12-31 18:42:15.541 [DESKTOP-FGBMJ7H] [main] [info] Starting server on port 8080
19Y-12-31 18:42:15.569 [DESKTOP-FGBMJ7H] [dbConnection] [info] connected to the database
19Y-12-31 18:42:58.793 [DESKTOP-FGBMJ7H] [main] [info] Starting server on port 8080
19Y-12-31 18:42:58.834 [DESKTOP-FGBMJ7H] [dbConnection] [info] connected to the database
19Y-12-31 18:43:19.473 [DESKTOP-FGBMJ7H] [main] [info] Starting server on port 8080
19Y-12-31 18:43:19.497 [DESKTOP-FGBMJ7H] [dbConnection] [info] connected to the database
19Y-12-31 18:44:05.918 [DESKTOP-FGBMJ7H] [main] [info] Starting server on port 8080
19Y-12-31 18:44:05.939 [DESKTOP-FGBMJ7H] [dbConnection] [info] connected to the database
19Y-12-31 18:46:33.580 [DESKTOP-FGBMJ7H] [main] [info] Starting server on port 8080
19Y-12-31 18:46:33.605 [DESKTOP-FGBMJ7H] [dbConnection] [info] connected to the database
19Y-12-31 18:49:32.010 [DESKTOP-FGBMJ7H] [main] [info] Starting server on port 8080
19Y-12-31 18:49:32.029 [DESKTOP-FGBMJ7H] [dbConnection] [info] connected to the database
19Y-12-31 18:49:44.225 [DESKTOP-FGBMJ7H] [main] [info] Starting server on port 8080
19Y-12-31 18:49:44.249 [DESKTOP-FGBMJ7H] [dbConnection] [info] connected to the database
19Y-12-31 18:51:31.491 [DESKTOP-FGBMJ7H] [main] [info] Starting server on port 8080
19Y-12-31 18:51:31.534 [DESKTOP-FGBMJ7H] [dbConnection] [info] connected to the database
19Y-12-31 18:52:17.187 [DESKTOP-FGBMJ7H] [main] [info] Starting server on port 8080
19Y-12-31 18:52:17.228 [DESKTOP-FGBMJ7H] [dbConnection] [info] connected to the database
19Y-12-31 18:52:20.731 [DESKTOP-FGBMJ7H] [main] [info] Starting server on port 8080
19Y-12-31 18:52:20.759 [DESKTOP-FGBMJ7H] [dbConnection] [info] connected to the database
19Y-12-31 18:53:09.105 [DESKTOP-FGBMJ7H] [main] [info] Starting server on port 8080
19Y-12-31 18:53:09.159 [DESKTOP-FGBMJ7H] [dbConnection] [info] connected to the database
19Y-12-31 18:53:45.843 [DESKTOP-FGBMJ7H] [main] [info] Starting server on port 8080
19Y-12-31 18:53:45.868 [DESKTOP-FGBMJ7H] [dbConnection] [info] connected to the database
19Y-12-31 18:53:47.906 [DESKTOP-FGBMJ7H] [main] [info] Starting server on port 8080
19Y-12-31 18:53:47.939 [DESKTOP-FGBMJ7H] [dbConnection] [info] connected to the database
19Y-12-31 18:54:11.062 [DESKTOP-FGBMJ7H] [main] [info] Starting server on port 8080
19Y-12-31 18:54:11.094 [DESKTOP-FGBMJ7H] [dbConnection] [info] connected to the database
19Y-12-31 19:00:54.367 [DESKTOP-FGBMJ7H] [main] [info] Starting server on port 8080
19Y-12-31 19:00:54.397 [DESKTOP-FGBMJ7H] [dbConnection] [info] connected to the database
19Y-12-31 19:01:13.456 [DESKTOP-FGBMJ7H] [main] [info] Starting server on port 8080
19Y-12-31 19:01:13.488 [DESKTOP-FGBMJ7H] [dbConnection] [info] connected to the database
19Y-12-31 19:01:37.608 [DESKTOP-FGBMJ7H] [main] [info] Starting server on port 8080
19Y-12-31 19:01:37.640 [DESKTOP-FGBMJ7H] [dbConnection] [info] connected to the database
19Y-12-31 19:02:02.789 [DESKTOP-FGBMJ7H] [main] [info] Starting server on port 8080
19Y-12-31 19:02:02.834 [DESKTOP-FGBMJ7H] [dbConnection] [info] connected to the database
19Y-12-31 19:02:06.198 [DESKTOP-FGBMJ7H] [main] [info] Starting server on port 8080
19Y-12-31 19:02:06.231 [DESKTOP-FGBMJ7H] [dbConnection] [info] connected to the database
19Y-12-31 19:02:17.619 [DESKTOP-FGBMJ7H] [main] [info] Starting server on port 8080
19Y-12-31 19:02:17.672 [DESKTOP-FGBMJ7H] [dbConnection] [info] connected to the database
19Y-12-31 19:02:51.767 [DESKTOP-FGBMJ7H] [main] [info] Starting server on port 8080
19Y-12-31 19:02:51.798 [DESKTOP-FGBMJ7H] [dbConnection] [info] connected to the database
19Y-12-31 19:02:54.900 [DESKTOP-FGBMJ7H] [main] [info] Starting server on port 8080
19Y-12-31 19:02:54.933 [DESKTOP-FGBMJ7H] [dbConnection] [info] connected to the database
19Y-12-31 19:03:11.031 [DESKTOP-FGBMJ7H] [main] [info] Starting server on port 8080
19Y-12-31 19:03:11.053 [DESKTOP-FGBMJ7H] [dbConnection] [info] connected to the database
19Y-12-31 19:03:42.810 [DESKTOP-FGBMJ7H] [main] [info] Starting server on port 8080
19Y-12-31 19:03:42.839 [DESKTOP-FGBMJ7H] [dbConnection] [info] connected to the database
19Y-12-31 19:03:59.035 [DESKTOP-FGBMJ7H] [main] [info] Starting server on port 8080
19Y-12-31 19:03:59.098 [DESKTOP-FGBMJ7H] [dbConnection] [info] connected to the database
19Y-12-31 19:04:05.879 [DESKTOP-FGBMJ7H] [main] [info] Starting server on port 8080
19Y-12-31 19:04:05.922 [DESKTOP-FGBMJ7H] [dbConnection] [info] connected to the database
19Y-12-31 19:12:24.957 [DESKTOP-FGBMJ7H] [main] [info] Starting server on port 8080
19Y-12-31 19:12:24.977 [DESKTOP-FGBMJ7H] [dbConnection] [info] connected to the database
19Y-12-31 19:13:06.538 [DESKTOP-FGBMJ7H] [main] [info] Starting server on port 8080
19Y-12-31 19:13:06.567 [DESKTOP-FGBMJ7H] [dbConnection] [info] connected to the database
19Y-12-31 19:23:11.424 [DESKTOP-FGBMJ7H] [main] [info] Starting server on port 8080
19Y-12-31 19:23:11.458 [DESKTOP-FGBMJ7H] [dbConnection] [info] connected to the database
19Y-12-31 19:23:15.777 [DESKTOP-FGBMJ7H] [main] [info] Starting server on port 8080
19Y-12-31 19:23:15.814 [DESKTOP-FGBMJ7H] [dbConnection] [info] connected to the database
19Y-12-31 19:23:38.908 [DESKTOP-FGBMJ7H] [main] [info] Starting server on port 8080
19Y-12-31 19:23:38.931 [DESKTOP-FGBMJ7H] [dbConnection] [info] connected to the database
19Y-12-31 19:23:47.937 [DESKTOP-FGBMJ7H] [main] [info] Starting server on port 8080
19Y-12-31 19:23:47.970 [DESKTOP-FGBMJ7H] [dbConnection] [info] connected to the database
19Y-12-31 19:24:23.373 [DESKTOP-FGBMJ7H] [main] [info] Starting server on port 8080
19Y-12-31 19:24:23.404 [DESKTOP-FGBMJ7H] [dbConnection] [info] connected to the database
19Y-12-31 19:24:40.750 [DESKTOP-FGBMJ7H] [main] [info] Starting server on port 8080
19Y-12-31 19:24:40.795 [DESKTOP-FGBMJ7H] [dbConnection] [info] connected to the database
19Y-12-31 19:24:49.186 [DESKTOP-FGBMJ7H] [main] [info] Starting server on port 8080
19Y-12-31 19:24:49.217 [DESKTOP-FGBMJ7H] [dbConnection] [info] connected to the database
19Y-12-31 19:27:15.399 [DESKTOP-FGBMJ7H] [main] [info] Starting server on port 8080
19Y-12-31 19:27:15.430 [DESKTOP-FGBMJ7H] [dbConnection] [info] connected to the database
19Y-12-31 19:27:26.978 [DESKTOP-FGBMJ7H] [main] [info] Starting server on port 8080
19Y-12-31 19:27:27.001 [DESKTOP-FGBMJ7H] [dbConnection] [info] connected to the database
19Y-12-31 19:27:28.131 [DESKTOP-FGBMJ7H] [main] [info] Starting server on port 8080
19Y-12-31 19:27:28.163 [DESKTOP-FGBMJ7H] [dbConnection] [info] connected to the database
19Y-12-31 19:27:38.887 [DESKTOP-FGBMJ7H] [main] [info] Starting server on port 8080
19Y-12-31 19:27:38.916 [DESKTOP-FGBMJ7H] [dbConnection] [info] connected to the database
19Y-12-31 19:28:29.138 [DESKTOP-FGBMJ7H] [main] [info] Starting server on port 8080
19Y-12-31 19:28:29.171 [DESKTOP-FGBMJ7H] [dbConnection] [info] connected to the database
19Y-12-31 19:29:31.787 [DESKTOP-FGBMJ7H] [main] [info] Starting server on port 8080
19Y-12-31 19:29:31.822 [DESKTOP-FGBMJ7H] [dbConnection] [info] connected to the database
19Y-12-31 19:31:29.582 [DESKTOP-FGBMJ7H] [main] [info] Starting server on port 8080
19Y-12-31 19:31:29.636 [DESKTOP-FGBMJ7H] [dbConnection] [info] connected to the database
19Y-12-31 19:31:56.726 [DESKTOP-FGBMJ7H] [main] [info] Starting server on port 8080
19Y-12-31 19:31:56.744 [DESKTOP-FGBMJ7H] [dbConnection] [info] connected to the database
19Y-12-31 19:32:19.924 [DESKTOP-FGBMJ7H] [main] [info] Starting server on port 8080
19Y-12-31 19:32:19.942 [DESKTOP-FGBMJ7H] [dbConnection] [info] connected to the database
19Y-12-31 19:32:26.710 [DESKTOP-FGBMJ7H] [main] [info] Starting server on port 8080
19Y-12-31 19:32:26.745 [DESKTOP-FGBMJ7H] [dbConnection] [info] connected to the database
19Y-12-31 19:32:40.371 [DESKTOP-FGBMJ7H] [main] [info] Starting server on port 8080
19Y-12-31 19:32:40.416 [DESKTOP-FGBMJ7H] [dbConnection] [info] connected to the database
19Y-12-31 19:33:01.925 [DESKTOP-FGBMJ7H] [main] [info] Starting server on port 8080
19Y-12-31 19:33:01.967 [DESKTOP-FGBMJ7H] [dbConnection] [info] connected to the database
19Y-12-31 19:33:03.907 [DESKTOP-FGBMJ7H] [main] [info] Starting server on port 8080
19Y-12-31 19:33:03.941 [DESKTOP-FGBMJ7H] [dbConnection] [info] connected to the database
19Y-12-31 19:33:21.362 [DESKTOP-FGBMJ7H] [main] [info] Starting server on port 8080
19Y-12-31 19:33:21.415 [DESKTOP-FGBMJ7H] [dbConnection] [info] connected to the database
19Y-12-31 19:41:27.671 [DESKTOP-FGBMJ7H] [main] [info] Starting server on port 8080
19Y-12-31 19:41:27.735 [DESKTOP-FGBMJ7H] [dbConnection] [info] connected to the database
19Y-12-31 19:41:28.782 [DESKTOP-FGBMJ7H] [main] [info] Starting server on port 8080
19Y-12-31 19:41:28.811 [DESKTOP-FGBMJ7H] [dbConnection] [info] connected to the database
19Y-12-31 19:42:31.502 [DESKTOP-FGBMJ7H] [main] [info] Starting server on port 8080
19Y-12-31 19:42:31.524 [DESKTOP-FGBMJ7H] [dbConnection] [info] connected to the database
19Y-12-31 19:42:55.871 [DESKTOP-FGBMJ7H] [main] [info] Starting server on port 8080
19Y-12-31 19:42:55.907 [DESKTOP-FGBMJ7H] [dbConnection] [info] connected to the database
19Y-12-31 19:43:36.614 [DESKTOP-FGBMJ7H] [main] [info] Starting server on port 8080
19Y-12-31 19:43:36.649 [DESKTOP-FGBMJ7H] [dbConnection] [info] connected to the database
19Y-12-31 19:43:42.111 [DESKTOP-FGBMJ7H] [main] [info] Starting server on port 8080
19Y-12-31 19:43:42.136 [DESKTOP-FGBMJ7H] [dbConnection] [info] connected to the database
19Y-12-31 19:46:56.063 [DESKTOP-FGBMJ7H] [main] [info] Starting server on port 8080
19Y-12-31 19:46:56.086 [DESKTOP-FGBMJ7H] [dbConnection] [info] connected to the database
19Y-12-31 19:52:31.987 [DESKTOP-FGBMJ7H] [getRound] [info] {
  config: { round_time_limit: 50, instance_time_limit: 90, instance_limit: 1 },
  running: false,
  instances: [],
  _id: 5e0bed41a33da001babc2e48,
  name: 'Not Oklahoma Cup',
  uid: 'ead57458-8377-452d-9d0f-ca2a8d511237',
  createdAt: 2020-01-01T00:52:17.819Z,
  updatedAt: 2020-01-01T00:52:17.819Z,
  __v: 0
}
19Y-12-31 19:53:08.131 [DESKTOP-FGBMJ7H] [main] [info] Starting server on port 8080
19Y-12-31 19:53:08.163 [DESKTOP-FGBMJ7H] [dbConnection] [info] connected to the database
19Y-12-31 20:03:06.489 [DESKTOP-FGBMJ7H] [info] [object Object]
19Y-12-31 20:05:06.277 [DESKTOP-FGBMJ7H] [main] [info] Starting server on port 8080
19Y-12-31 20:05:06.297 [DESKTOP-FGBMJ7H] [dbConnection] [info] connected to the database
19Y-12-31 20:05:24.368 [DESKTOP-FGBMJ7H] [getRound] [info] Round query with the following parameters: [object Object]
19Y-12-31 20:06:17.209 [DESKTOP-FGBMJ7H] [main] [info] Starting server on port 8080
19Y-12-31 20:06:17.250 [DESKTOP-FGBMJ7H] [dbConnection] [info] connected to the database
19Y-12-31 20:06:19.956 [DESKTOP-FGBMJ7H] [getRound] [info] Round query with the following parameters: [object Object]
19Y-12-31 20:06:56.192 [DESKTOP-FGBMJ7H] [main] [info] Starting server on port 8080
19Y-12-31 20:06:56.211 [DESKTOP-FGBMJ7H] [dbConnection] [info] connected to the database
19Y-12-31 20:06:57.931 [DESKTOP-FGBMJ7H] [getRound] [info] Round query with the following parameters: [object Object]
19Y-12-31 20:07:03.429 [DESKTOP-FGBMJ7H] [main] [info] Starting server on port 8080
19Y-12-31 20:07:03.450 [DESKTOP-FGBMJ7H] [dbConnection] [info] connected to the database
19Y-12-31 20:07:05.225 [DESKTOP-FGBMJ7H] [getRound] [info] Round query with the following parameters: [object Object]
19Y-12-31 20:07:15.741 [DESKTOP-FGBMJ7H] [main] [info] Starting server on port 8080
19Y-12-31 20:07:15.764 [DESKTOP-FGBMJ7H] [dbConnection] [info] connected to the database
19Y-12-31 20:07:16.788 [DESKTOP-FGBMJ7H] [getRound] [info] Round query with the following parameters: {"name":"Not Oklahoma Cup"}
19Y-12-31 20:07:47.109 [DESKTOP-FGBMJ7H] [main] [info] Starting server on port 8080
19Y-12-31 20:07:47.135 [DESKTOP-FGBMJ7H] [dbConnection] [info] connected to the database
19Y-12-31 20:08:03.684 [DESKTOP-FGBMJ7H] [main] [info] Starting server on port 8080
19Y-12-31 20:08:03.733 [DESKTOP-FGBMJ7H] [dbConnection] [info] connected to the database
19Y-12-31 20:08:04.852 [DESKTOP-FGBMJ7H] [getRound] [info] Round query with the following parameters: {"name":"Not Oklahoma Cup"}
19Y-12-31 20:08:17.564 [DESKTOP-FGBMJ7H] [main] [info] Starting server on port 8080
19Y-12-31 20:08:17.588 [DESKTOP-FGBMJ7H] [dbConnection] [info] connected to the database
19Y-12-31 20:08:25.396 [DESKTOP-FGBMJ7H] [main] [info] Starting server on port 8080
19Y-12-31 20:08:25.432 [DESKTOP-FGBMJ7H] [dbConnection] [info] connected to the database
19Y-12-31 20:08:51.420 [DESKTOP-FGBMJ7H] [main] [info] Starting server on port 8080
19Y-12-31 20:08:51.473 [DESKTOP-FGBMJ7H] [dbConnection] [info] connected to the database
19Y-12-31 20:14:28.403 [DESKTOP-FGBMJ7H] [main] [info] Starting server on port 8080
19Y-12-31 20:14:28.429 [DESKTOP-FGBMJ7H] [dbConnection] [info] connected to the database
19Y-12-31 20:14:43.321 [DESKTOP-FGBMJ7H] [create_new_instance] [info] New instance created: 5e0bf283379f200700ef3498
19Y-12-31 20:14:50.080 [DESKTOP-FGBMJ7H] [main] [info] Starting server on port 8080
19Y-12-31 20:14:50.098 [DESKTOP-FGBMJ7H] [dbConnection] [info] connected to the database
19Y-12-31 20:14:51.926 [DESKTOP-FGBMJ7H] [create_new_instance] [info] New instance created: 5e0bf28b7dd2540756eb4d3a
19Y-12-31 20:14:52.800 [DESKTOP-FGBMJ7H] [create_new_instance] [info] New instance created: 5e0bf28c7dd2540756eb4d3b
19Y-12-31 20:14:53.862 [DESKTOP-FGBMJ7H] [create_new_instance] [info] New instance created: 5e0bf28d7dd2540756eb4d3c
19Y-12-31 20:15:01.266 [DESKTOP-FGBMJ7H] [create_new_instance] [info] New instance created: 5e0bf2957dd2540756eb4d3d
19Y-12-31 20:15:02.085 [DESKTOP-FGBMJ7H] [create_new_instance] [info] New instance created: 5e0bf2967dd2540756eb4d3e
19Y-12-31 20:15:02.777 [DESKTOP-FGBMJ7H] [create_new_instance] [info] New instance created: 5e0bf2967dd2540756eb4d3f
19Y-12-31 20:15:07.214 [DESKTOP-FGBMJ7H] [main] [info] Starting server on port 8080
19Y-12-31 20:15:07.237 [DESKTOP-FGBMJ7H] [dbConnection] [info] connected to the database
19Y-12-31 20:15:07.723 [DESKTOP-FGBMJ7H] [create_new_instance] [info] New instance created: 5e0bf29b42007507adf63719
19Y-12-31 20:15:08.399 [DESKTOP-FGBMJ7H] [create_new_instance] [info] New instance created: 5e0bf29c42007507adf6371a
19Y-12-31 20:15:17.916 [DESKTOP-FGBMJ7H] [main] [info] Starting server on port 8080
19Y-12-31 20:15:17.939 [DESKTOP-FGBMJ7H] [dbConnection] [info] connected to the database
19Y-12-31 20:22:44.113 [DESKTOP-FGBMJ7H] [main] [info] Starting server on port 8080
19Y-12-31 20:22:44.148 [DESKTOP-FGBMJ7H] [dbConnection] [info] connected to the database
19Y-12-31 20:24:44.888 [DESKTOP-FGBMJ7H] [main] [info] Starting server on port 8080
19Y-12-31 20:24:44.908 [DESKTOP-FGBMJ7H] [dbConnection] [info] connected to the database
19Y-12-31 20:25:23.436 [DESKTOP-FGBMJ7H] [main] [info] Starting server on port 8080
19Y-12-31 20:25:23.464 [DESKTOP-FGBMJ7H] [dbConnection] [info] connected to the database
19Y-12-31 20:31:21.128 [DESKTOP-FGBMJ7H] [main] [info] Starting server on port 8080
19Y-12-31 20:31:21.156 [DESKTOP-FGBMJ7H] [dbConnection] [info] connected to the database
19Y-12-31 20:37:42.317 [DESKTOP-FGBMJ7H] [main] [info] Starting server on port 8080
19Y-12-31 20:37:42.337 [DESKTOP-FGBMJ7H] [dbConnection] [info] connected to the database
19Y-12-31 20:37:49.429 [DESKTOP-FGBMJ7H] [main] [info] Starting server on port 8080
19Y-12-31 20:37:49.458 [DESKTOP-FGBMJ7H] [dbConnection] [info] connected to the database
19Y-12-31 20:42:31.453 [DESKTOP-FGBMJ7H] [main] [info] Starting server on port 8080
19Y-12-31 20:42:31.473 [DESKTOP-FGBMJ7H] [dbConnection] [info] connected to the database
19Y-12-31 20:42:44.182 [DESKTOP-FGBMJ7H] [main] [info] Starting server on port 8080
19Y-12-31 20:42:44.229 [DESKTOP-FGBMJ7H] [dbConnection] [info] connected to the database
19Y-12-31 20:43:00.012 [DESKTOP-FGBMJ7H] [main] [info] Starting server on port 8080
19Y-12-31 20:43:00.036 [DESKTOP-FGBMJ7H] [dbConnection] [info] connected to the database
19Y-12-31 20:43:21.338 [DESKTOP-FGBMJ7H] [main] [info] Starting server on port 8080
19Y-12-31 20:43:21.384 [DESKTOP-FGBMJ7H] [dbConnection] [info] connected to the database
19Y-12-31 20:44:38.421 [DESKTOP-FGBMJ7H] [main] [info] Starting server on port 8080
19Y-12-31 20:44:38.470 [DESKTOP-FGBMJ7H] [dbConnection] [info] connected to the database
19Y-12-31 20:45:34.338 [DESKTOP-FGBMJ7H] [main] [info] Starting server on port 8080
19Y-12-31 20:45:34.373 [DESKTOP-FGBMJ7H] [dbConnection] [info] connected to the database
19Y-12-31 20:45:42.989 [DESKTOP-FGBMJ7H] [main] [info] Starting server on port 8080
19Y-12-31 20:45:43.010 [DESKTOP-FGBMJ7H] [dbConnection] [info] connected to the database
19Y-12-31 20:46:35.153 [DESKTOP-FGBMJ7H] [main] [info] Starting server on port 8080
19Y-12-31 20:46:35.184 [DESKTOP-FGBMJ7H] [dbConnection] [info] connected to the database
19Y-12-31 20:47:51.851 [DESKTOP-FGBMJ7H] [main] [info] Starting server on port 8080
19Y-12-31 20:47:51.882 [DESKTOP-FGBMJ7H] [dbConnection] [info] connected to the database
19Y-12-31 20:47:54.242 [DESKTOP-FGBMJ7H] [main] [info] Starting server on port 8080
19Y-12-31 20:47:54.277 [DESKTOP-FGBMJ7H] [dbConnection] [info] connected to the database
19Y-12-31 20:48:31.782 [DESKTOP-FGBMJ7H] [main] [info] Starting server on port 8080
19Y-12-31 20:48:31.806 [DESKTOP-FGBMJ7H] [dbConnection] [info] connected to the database
19Y-12-31 20:50:53.300 [DESKTOP-FGBMJ7H] [main] [info] Starting server on port 8080
19Y-12-31 20:50:53.375 [DESKTOP-FGBMJ7H] [dbConnection] [info] connected to the database
19Y-12-31 20:53:58.871 [DESKTOP-FGBMJ7H] [main] [info] Starting server on port 8080
19Y-12-31 20:53:58.926 [DESKTOP-FGBMJ7H] [dbConnection] [info] connected to the database
19Y-12-31 20:55:25.259 [DESKTOP-FGBMJ7H] [main] [info] Starting server on port 8080
19Y-12-31 20:55:25.278 [DESKTOP-FGBMJ7H] [dbConnection] [info] connected to the database
19Y-12-31 20:55:27.288 [DESKTOP-FGBMJ7H] [create_new_instance] [info] New instance created: 5e0bfc0f69847713001a841a
19Y-12-31 20:55:27.922 [DESKTOP-FGBMJ7H] [main] [info] Starting server on port 8080
19Y-12-31 20:55:27.956 [DESKTOP-FGBMJ7H] [dbConnection] [info] connected to the database
19Y-12-31 20:57:54.350 [DESKTOP-FGBMJ7H] [main] [info] Starting server on port 8080
19Y-12-31 20:57:54.400 [DESKTOP-FGBMJ7H] [dbConnection] [info] connected to the database
19Y-12-31 21:11:19.869 [DESKTOP-FGBMJ7H] [main] [info] Starting server on port 8080
19Y-12-31 21:11:19.898 [DESKTOP-FGBMJ7H] [dbConnection] [info] connected to the database
19Y-12-31 21:11:49.108 [DESKTOP-FGBMJ7H] [main] [info] Starting server on port 8080
19Y-12-31 21:11:49.136 [DESKTOP-FGBMJ7H] [dbConnection] [info] connected to the database
19Y-12-31 21:12:05.569 [DESKTOP-FGBMJ7H] [create_new_instance] [info] New instance created: 5e0bfff520bd891443ba8f91
19Y-12-31 21:12:06.284 [DESKTOP-FGBMJ7H] [main] [info] Starting server on port 8080
19Y-12-31 21:12:06.341 [DESKTOP-FGBMJ7H] [dbConnection] [info] connected to the database
19Y-12-31 21:12:47.798 [DESKTOP-FGBMJ7H] [main] [info] Starting server on port 8080
19Y-12-31 21:12:47.819 [DESKTOP-FGBMJ7H] [dbConnection] [info] connected to the database
19Y-12-31 21:12:49.874 [DESKTOP-FGBMJ7H] [create_new_instance] [info] New instance created: 5e0c00211ac6dc14ac6e01db
19Y-12-31 21:17:16.815 [DESKTOP-FGBMJ7H] [main] [info] Starting server on port 8080
19Y-12-31 21:17:16.843 [DESKTOP-FGBMJ7H] [dbConnection] [info] connected to the database
19Y-12-31 21:21:11.233 [DESKTOP-FGBMJ7H] [main] [info] Starting server on port 8080
19Y-12-31 21:21:11.258 [DESKTOP-FGBMJ7H] [dbConnection] [info] connected to the database
19Y-12-31 21:21:56.281 [DESKTOP-FGBMJ7H] [main] [info] Starting server on port 8080
19Y-12-31 21:21:56.303 [DESKTOP-FGBMJ7H] [dbConnection] [info] connected to the database
19Y-12-31 21:22:27.349 [DESKTOP-FGBMJ7H] [main] [info] Starting server on port 8080
19Y-12-31 21:22:27.373 [DESKTOP-FGBMJ7H] [dbConnection] [info] connected to the database
19Y-12-31 21:22:31.360 [DESKTOP-FGBMJ7H] [main] [info] Starting server on port 8080
19Y-12-31 21:22:31.403 [DESKTOP-FGBMJ7H] [dbConnection] [info] connected to the database
19Y-12-31 21:22:49.186 [DESKTOP-FGBMJ7H] [main] [info] Starting server on port 8080
19Y-12-31 21:22:49.210 [DESKTOP-FGBMJ7H] [dbConnection] [info] connected to the database
19Y-12-31 21:23:05.932 [DESKTOP-FGBMJ7H] [main] [info] Starting server on port 8080
19Y-12-31 21:23:05.956 [DESKTOP-FGBMJ7H] [dbConnection] [info] connected to the database
19Y-12-31 21:23:07.608 [DESKTOP-FGBMJ7H] [create_new_instance] [info] New instance created: 5e0c028b79623d16dfe3ce5a
19Y-12-31 21:24:41.569 [DESKTOP-FGBMJ7H] [main] [info] Starting server on port 8080
19Y-12-31 21:24:41.598 [DESKTOP-FGBMJ7H] [dbConnection] [info] connected to the database
19Y-12-31 21:25:01.476 [DESKTOP-FGBMJ7H] [main] [info] Starting server on port 8080
19Y-12-31 21:25:01.531 [DESKTOP-FGBMJ7H] [dbConnection] [info] connected to the database
19Y-12-31 21:25:04.837 [DESKTOP-FGBMJ7H] [create_new_instance] [info] New instance created: 5e0c0300aa42031765433f18
19Y-12-31 21:25:23.495 [DESKTOP-FGBMJ7H] [create_new_instance] [info] New instance created: 5e0c0313aa42031765433f19
19Y-12-31 21:25:26.654 [DESKTOP-FGBMJ7H] [main] [info] Starting server on port 8080
19Y-12-31 21:25:26.680 [DESKTOP-FGBMJ7H] [dbConnection] [info] connected to the database
19Y-12-31 21:25:27.790 [DESKTOP-FGBMJ7H] [create_new_instance] [info] New instance created: 5e0c0317f5c7ca17bc9d664f
19Y-12-31 21:26:24.752 [DESKTOP-FGBMJ7H] [main] [info] Starting server on port 8080
19Y-12-31 21:26:24.784 [DESKTOP-FGBMJ7H] [dbConnection] [info] connected to the database
19Y-12-31 21:26:30.526 [DESKTOP-FGBMJ7H] [create_new_instance] [info] New instance created: 5e0c035695a2c318121179f8
19Y-12-31 21:28:27.610 [DESKTOP-FGBMJ7H] [main] [info] Starting server on port 8080
19Y-12-31 21:28:27.636 [DESKTOP-FGBMJ7H] [dbConnection] [info] connected to the database
19Y-12-31 21:28:32.916 [DESKTOP-FGBMJ7H] [create_new_instance] [info] New instance created: 5e0c03d0edb08418a500089a
19Y-12-31 21:29:19.517 [DESKTOP-FGBMJ7H] [main] [info] Starting server on port 8080
19Y-12-31 21:29:19.541 [DESKTOP-FGBMJ7H] [dbConnection] [info] connected to the database
19Y-12-31 21:29:21.209 [DESKTOP-FGBMJ7H] [create_new_instance] [info] New instance created: 5e0c040159b42018c513249a
19Y-12-31 21:29:32.572 [DESKTOP-FGBMJ7H] [create_new_instance] [info] New instance created: 5e0c040c59b42018c513249b
19Y-12-31 21:29:43.470 [DESKTOP-FGBMJ7H] [create_new_instance] [info] New instance created: 5e0c041759b42018c513249c
19Y-12-31 21:33:51.687 [DESKTOP-FGBMJ7H] [main] [info] Starting server on port 8080
19Y-12-31 21:33:51.711 [DESKTOP-FGBMJ7H] [dbConnection] [info] connected to the database
19Y-12-31 21:33:58.791 [DESKTOP-FGBMJ7H] [create_new_instance] [info] New instance created: 5e0c05162ec8b41973b6f508
19Y-12-31 21:34:23.003 [DESKTOP-FGBMJ7H] [main] [info] Starting server on port 8080
19Y-12-31 21:34:23.027 [DESKTOP-FGBMJ7H] [dbConnection] [info] connected to the database
19Y-12-31 21:36:10.721 [DESKTOP-FGBMJ7H] [main] [info] Starting server on port 8080
19Y-12-31 21:36:10.757 [DESKTOP-FGBMJ7H] [dbConnection] [info] connected to the database
19Y-12-31 21:36:23.843 [DESKTOP-FGBMJ7H] [main] [info] Starting server on port 8080
19Y-12-31 21:36:23.869 [DESKTOP-FGBMJ7H] [dbConnection] [info] connected to the database
19Y-12-31 21:39:29.841 [DESKTOP-FGBMJ7H] [main] [info] Starting server on port 8080
19Y-12-31 21:39:29.863 [DESKTOP-FGBMJ7H] [dbConnection] [info] connected to the database
19Y-12-31 21:41:06.511 [DESKTOP-FGBMJ7H] [main] [info] Starting server on port 8080
19Y-12-31 21:41:06.565 [DESKTOP-FGBMJ7H] [dbConnection] [info] connected to the database
19Y-12-31 21:41:36.520 [DESKTOP-FGBMJ7H] [main] [info] Starting server on port 8080
19Y-12-31 21:41:36.546 [DESKTOP-FGBMJ7H] [dbConnection] [info] connected to the database
19Y-12-31 21:42:19.464 [DESKTOP-FGBMJ7H] [getInstance] [info] Instance query with the following paramenters: {"team":"test2"}
19Y-12-31 21:42:40.102 [DESKTOP-FGBMJ7H] [main] [info] Starting server on port 8080
19Y-12-31 21:42:40.131 [DESKTOP-FGBMJ7H] [dbConnection] [info] connected to the database
19Y-12-31 21:42:41.726 [DESKTOP-FGBMJ7H] [getInstance] [info] Instance query with the following paramenters: {"team":"test2"}
19Y-12-31 21:44:07.164 [DESKTOP-FGBMJ7H] [getInstance] [info] Instance query with the following paramenters: {"os_details.hostname":"test_os"}
19Y-12-31 21:44:22.693 [DESKTOP-FGBMJ7H] [main] [info] Starting server on port 8080
19Y-12-31 21:44:22.724 [DESKTOP-FGBMJ7H] [dbConnection] [info] connected to the database
19Y-12-31 21:44:28.382 [DESKTOP-FGBMJ7H] [main] [info] Starting server on port 8080
19Y-12-31 21:44:28.400 [DESKTOP-FGBMJ7H] [dbConnection] [info] connected to the database
19Y-12-31 21:44:29.704 [DESKTOP-FGBMJ7H] [getInstance] [error] CastError: Cast to ObjectId failed for value "Oklahoa Cup" at path "_id" for model "Rounds"
19Y-12-31 21:44:30.448 [DESKTOP-FGBMJ7H] [main] [info] Starting server on port 8080
19Y-12-31 21:44:30.484 [DESKTOP-FGBMJ7H] [dbConnection] [info] connected to the database
19Y-12-31 21:44:46.367 [DESKTOP-FGBMJ7H] [getInstance] [error] CastError: Cast to ObjectId failed for value "Oklahoa Cup" at path "_id" for model "Rounds"
19Y-12-31 21:44:47.093 [DESKTOP-FGBMJ7H] [main] [info] Starting server on port 8080
19Y-12-31 21:44:47.122 [DESKTOP-FGBMJ7H] [dbConnection] [info] connected to the database
19Y-12-31 21:47:11.844 [DESKTOP-FGBMJ7H] [getInstance] [info] Instance query with the following paramenters: {"uid":"20c9f7cf-24c7-4879-bf08-92060c6e0c4d"}
19Y-12-31 21:47:22.054 [DESKTOP-FGBMJ7H] [getInstance] [info] Instance query with the following paramenters: {"uid":"20c9f7cf-24c7-4879-bf08-92060c6e0c4d","verbose":"true"}
19Y-12-31 21:59:07.158 [DESKTOP-FGBMJ7H] [main] [info] Starting server on port 8080
19Y-12-31 21:59:07.177 [DESKTOP-FGBMJ7H] [dbConnection] [info] connected to the database
19Y-12-31 21:59:55.610 [DESKTOP-FGBMJ7H] [main] [info] Starting server on port 8080
19Y-12-31 21:59:55.638 [DESKTOP-FGBMJ7H] [dbConnection] [info] connected to the database
19Y-12-31 22:02:21.774 [DESKTOP-FGBMJ7H] [main] [info] Starting server on port 8080
19Y-12-31 22:02:21.805 [DESKTOP-FGBMJ7H] [dbConnection] [info] connected to the database
19Y-12-31 22:02:27.060 [DESKTOP-FGBMJ7H] [main] [info] Starting server on port 8080
19Y-12-31 22:02:27.102 [DESKTOP-FGBMJ7H] [dbConnection] [info] connected to the database
19Y-12-31 22:02:42.559 [DESKTOP-FGBMJ7H] [main] [info] Starting server on port 8080
19Y-12-31 22:02:42.617 [DESKTOP-FGBMJ7H] [dbConnection] [info] connected to the database
19Y-12-31 22:04:46.487 [DESKTOP-FGBMJ7H] [main] [info] Starting server on port 8080
19Y-12-31 22:04:46.513 [DESKTOP-FGBMJ7H] [dbConnection] [info] connected to the database
19Y-12-31 22:05:30.647 [DESKTOP-FGBMJ7H] [create_new_team] [info] New team created: 5e0c0c7aa04bf221299a4bf9
19Y-12-31 22:05:31.317 [DESKTOP-FGBMJ7H] [main] [info] Starting server on port 8080
19Y-12-31 22:05:31.355 [DESKTOP-FGBMJ7H] [dbConnection] [info] connected to the database
19Y-12-31 22:06:24.030 [DESKTOP-FGBMJ7H] [main] [info] Starting server on port 8080
19Y-12-31 22:06:24.055 [DESKTOP-FGBMJ7H] [dbConnection] [info] connected to the database
19Y-12-31 22:07:38.609 [DESKTOP-FGBMJ7H] [create_new_team] [info] New team created: 5e0c0cfaf8023021cfe85c4c
19Y-12-31 22:07:39.288 [DESKTOP-FGBMJ7H] [main] [info] Starting server on port 8080
19Y-12-31 22:07:39.322 [DESKTOP-FGBMJ7H] [dbConnection] [info] connected to the database
19Y-12-31 22:07:54.829 [DESKTOP-FGBMJ7H] [main] [info] Starting server on port 8080
19Y-12-31 22:07:54.847 [DESKTOP-FGBMJ7H] [dbConnection] [info] connected to the database
19Y-12-31 22:08:02.999 [DESKTOP-FGBMJ7H] [create_new_team] [info] New team created: 5e0c0d1234bebd225e474ff1
19Y-12-31 22:08:18.999 [DESKTOP-FGBMJ7H] [create_new_team] [info] New team created: 5e0c0d2234bebd225e474ff5
19Y-12-31 22:08:37.406 [DESKTOP-FGBMJ7H] [main] [info] Starting server on port 8080
19Y-12-31 22:08:37.431 [DESKTOP-FGBMJ7H] [dbConnection] [info] connected to the database
19Y-12-31 22:12:27.571 [DESKTOP-FGBMJ7H] [main] [info] Starting server on port 8080
19Y-12-31 22:12:27.588 [DESKTOP-FGBMJ7H] [dbConnection] [info] connected to the database
19Y-12-31 22:12:53.782 [DESKTOP-FGBMJ7H] [main] [info] Starting server on port 8080
19Y-12-31 22:12:53.804 [DESKTOP-FGBMJ7H] [dbConnection] [info] connected to the database
19Y-12-31 22:13:01.743 [DESKTOP-FGBMJ7H] [main] [info] Starting server on port 8080
19Y-12-31 22:13:01.775 [DESKTOP-FGBMJ7H] [dbConnection] [info] connected to the database
19Y-12-31 22:13:08.378 [DESKTOP-FGBMJ7H] [main] [info] Starting server on port 8080
19Y-12-31 22:13:08.416 [DESKTOP-FGBMJ7H] [dbConnection] [info] connected to the database
19Y-12-31 22:13:09.633 [DESKTOP-FGBMJ7H] [getTeam] [info] Team query with the following parameters: {"team_name":"test"}
19Y-12-31 22:13:10.309 [DESKTOP-FGBMJ7H] [main] [info] Starting server on port 8080
19Y-12-31 22:13:10.341 [DESKTOP-FGBMJ7H] [dbConnection] [info] connected to the database
19Y-12-31 22:13:13.952 [DESKTOP-FGBMJ7H] [getTeam] [info] Team query with the following parameters: {"team_name":"test"}
19Y-12-31 22:13:14.644 [DESKTOP-FGBMJ7H] [main] [info] Starting server on port 8080
19Y-12-31 22:13:14.690 [DESKTOP-FGBMJ7H] [dbConnection] [info] connected to the database
19Y-12-31 22:13:44.135 [DESKTOP-FGBMJ7H] [main] [info] Starting server on port 8080
19Y-12-31 22:13:44.167 [DESKTOP-FGBMJ7H] [dbConnection] [info] connected to the database
19Y-12-31 22:13:45.540 [DESKTOP-FGBMJ7H] [getTeam] [info] Team query with the following parameters: {"team_name":"test"}
19Y-12-31 22:13:49.079 [DESKTOP-FGBMJ7H] [getTeam] [info] Team query with the following parameters: {"team_name":"testa"}
19Y-12-31 22:21:11.666 [DESKTOP-FGBMJ7H] [main] [info] Starting server on port 8080
19Y-12-31 22:21:11.698 [DESKTOP-FGBMJ7H] [dbConnection] [info] connected to the database
