19Y-12-10 17:58:28.290 [DESKTOP-FGBMJ7H] [main] [info] Starting server on port 8080
19Y-12-10 17:58:38.139 [DESKTOP-FGBMJ7H] [dbConnection] [info] connected to the database
19Y-12-10 18:00:20.616 [DESKTOP-FGBMJ7H] [getTeam] [info] Returning teams
19Y-12-10 18:22:37.457 [DESKTOP-FGBMJ7H] [main] [info] Starting server on port 8080
19Y-12-10 18:22:37.496 [DESKTOP-FGBMJ7H] [dbConnection] [info] connected to the database
19Y-12-10 18:23:18.423 [DESKTOP-FGBMJ7H] [main] [info] Starting server on port 8080
19Y-12-10 18:23:21.207 [DESKTOP-FGBMJ7H] [create_new_instance] [info] Missing / invalid value(s): os_details.hostname,os_details.release,os_details.ip,scoring_config,team,score.current,score.previous
19Y-12-10 18:23:23.376 [DESKTOP-FGBMJ7H] [dbConnection] [info] connected to the database
19Y-12-10 18:23:32.949 [DESKTOP-FGBMJ7H] [main] [info] Starting server on port 8080
19Y-12-10 18:23:32.978 [DESKTOP-FGBMJ7H] [dbConnection] [info] connected to the database
19Y-12-10 18:23:34.623 [DESKTOP-FGBMJ7H] [create_new_instance] [info] Missing / invalid value(s): os_details.hostname,os_details.release,os_details.ip,scoring_config,team,score.current,score.previous
19Y-12-10 18:26:29.194 [DESKTOP-FGBMJ7H] [main] [info] Starting server on port 8080
19Y-12-10 18:26:29.244 [DESKTOP-FGBMJ7H] [dbConnection] [info] connected to the database
19Y-12-10 18:26:36.269 [DESKTOP-FGBMJ7H] [create_new_instance] [info] Missing / invalid value(s): os_details,os_details.hostname,os_details.release,os_details.ip,scoring_config,score.current,score.previous
19Y-12-10 18:27:12.582 [DESKTOP-FGBMJ7H] [main] [info] Starting server on port 8080
19Y-12-10 18:27:12.626 [DESKTOP-FGBMJ7H] [dbConnection] [info] connected to the database
19Y-12-10 18:27:13.083 [DESKTOP-FGBMJ7H] [create_new_instance] [info] Missing / invalid value(s): os_details,os_details.hostname,os_details.release,os_details.ip,scoring_config,score.current,score.previous
19Y-12-10 18:28:07.237 [DESKTOP-FGBMJ7H] [main] [info] Starting server on port 8080
19Y-12-10 18:28:07.278 [DESKTOP-FGBMJ7H] [dbConnection] [info] connected to the database
19Y-12-10 18:28:10.880 [DESKTOP-FGBMJ7H] [create_new_instance] [info] Missing / invalid value(s): os_details,os_details.hostname,os_details.release,os_details.ip,scoring_config
19Y-12-10 18:36:53.129 [DESKTOP-FGBMJ7H] [main] [info] Starting server on port 8080
19Y-12-10 18:36:53.169 [DESKTOP-FGBMJ7H] [dbConnection] [info] connected to the database
19Y-12-10 18:37:29.882 [DESKTOP-FGBMJ7H] [main] [info] Starting server on port 8080
19Y-12-10 18:37:29.921 [DESKTOP-FGBMJ7H] [dbConnection] [info] connected to the database
19Y-12-10 18:38:36.257 [DESKTOP-FGBMJ7H] [main] [info] Starting server on port 8080
19Y-12-10 18:38:36.290 [DESKTOP-FGBMJ7H] [dbConnection] [info] connected to the database
19Y-12-10 18:41:53.901 [DESKTOP-FGBMJ7H] [main] [info] Starting server on port 8080
19Y-12-10 18:41:53.941 [DESKTOP-FGBMJ7H] [dbConnection] [info] connected to the database
19Y-12-10 18:42:08.404 [DESKTOP-FGBMJ7H] [main] [info] Starting server on port 8080
19Y-12-10 18:42:08.443 [DESKTOP-FGBMJ7H] [dbConnection] [info] connected to the database
19Y-12-10 18:42:12.678 [DESKTOP-FGBMJ7H] [create_new_instance] [info] Missing / invalid value(s): os_details,os_details.hostname,os_details.release,os_details.ip,scoring_config
19Y-12-10 18:43:15.669 [DESKTOP-FGBMJ7H] [main] [info] Starting server on port 8080
19Y-12-10 18:43:15.712 [DESKTOP-FGBMJ7H] [dbConnection] [info] connected to the database
19Y-12-10 18:46:13.999 [DESKTOP-FGBMJ7H] [main] [info] Starting server on port 8080
19Y-12-10 18:46:14.034 [DESKTOP-FGBMJ7H] [dbConnection] [info] connected to the database
19Y-12-10 18:47:37.476 [DESKTOP-FGBMJ7H] [main] [info] Starting server on port 8080
19Y-12-10 18:47:47.404 [DESKTOP-FGBMJ7H] [dbConnection] [info] connected to the database
19Y-12-10 18:47:49.761 [DESKTOP-FGBMJ7H] [create_new_instance] [info] Missing / invalid value(s): os_details,team,os_details.hostname,os_details.release,os_details.ip,scoring_config,team._id,team.team_name
19Y-12-10 18:48:08.602 [DESKTOP-FGBMJ7H] [main] [info] Starting server on port 8080
19Y-12-10 18:48:10.418 [DESKTOP-FGBMJ7H] [create_new_instance] [info] Missing / invalid value(s): team.name,scoring_config,team._id,team.team_name
19Y-12-10 18:48:18.514 [DESKTOP-FGBMJ7H] [dbConnection] [info] connected to the database
19Y-12-10 18:50:30.398 [DESKTOP-FGBMJ7H] [create_new_instance] [info] Missing / invalid value(s): scoring_config.stuff,scoring_config,team._id
19Y-12-10 18:51:20.035 [DESKTOP-FGBMJ7H] [main] [info] Starting server on port 8080
19Y-12-10 18:51:28.450 [DESKTOP-FGBMJ7H] [create_new_instance] [info] Missing / invalid value(s): team._id
19Y-12-10 18:51:29.970 [DESKTOP-FGBMJ7H] [dbConnection] [info] connected to the database
19Y-12-10 18:52:25.600 [DESKTOP-FGBMJ7H] [main] [info] Starting server on port 8080
19Y-12-10 18:52:35.564 [DESKTOP-FGBMJ7H] [dbConnection] [info] connected to the database
19Y-12-10 18:52:39.679 [DESKTOP-FGBMJ7H] [create_new_instance] [info] Missing / invalid value(s): team._id
19Y-12-10 18:53:44.980 [DESKTOP-FGBMJ7H] [main] [info] Starting server on port 8080
19Y-12-10 18:53:54.925 [DESKTOP-FGBMJ7H] [dbConnection] [info] connected to the database
19Y-12-10 19:05:26.923 [DESKTOP-FGBMJ7H] [create_new_instance] [info] Missing / invalid value(s): team._id
19Y-12-10 19:06:57.417 [DESKTOP-FGBMJ7H] [main] [info] Starting server on port 8080
19Y-12-10 19:06:57.452 [DESKTOP-FGBMJ7H] [dbConnection] [info] connected to the database
19Y-12-10 19:06:59.998 [DESKTOP-FGBMJ7H] [create_new_instance] [info] Missing / invalid value(s): team._id
19Y-12-10 19:07:37.238 [DESKTOP-FGBMJ7H] [main] [info] Starting server on port 8080
19Y-12-10 19:07:37.267 [DESKTOP-FGBMJ7H] [dbConnection] [info] connected to the database
19Y-12-10 19:22:36.436 [DESKTOP-FGBMJ7H] [main] [info] Starting server on port 8080
19Y-12-10 19:22:39.074 [DESKTOP-FGBMJ7H] [create_new_instance] [info] Missing / invalid value(s): team.team_name,team
19Y-12-10 19:22:41.417 [DESKTOP-FGBMJ7H] [dbConnection] [info] connected to the database
19Y-12-10 19:23:13.464 [DESKTOP-FGBMJ7H] [create_new_instance] [info] Missing / invalid value(s): team.team_name,team
19Y-12-10 19:24:27.901 [DESKTOP-FGBMJ7H] [main] [info] Starting server on port 8080
19Y-12-10 19:24:28.258 [DESKTOP-FGBMJ7H] [dbConnection] [info] connected to the database
19Y-12-10 19:24:30.288 [DESKTOP-FGBMJ7H] [create_new_instance] [info] Missing / invalid value(s): team.team_name,team
19Y-12-10 19:24:35.195 [DESKTOP-FGBMJ7H] [create_new_instance] [info] Missing / invalid value(s): team.team_name,team
19Y-12-10 19:30:28.960 [DESKTOP-FGBMJ7H] [main] [info] Starting server on port 8080
19Y-12-10 19:30:29.000 [DESKTOP-FGBMJ7H] [dbConnection] [info] connected to the database
