19Y-12-09 19:48:33.390 [DESKTOP-FGBMJ7H] [main] [info] Starting server on port 8080
19Y-12-09 19:48:33.451 [DESKTOP-FGBMJ7H] [dbConnection] [info] connected to the database
19Y-12-09 19:54:48.442 [DESKTOP-FGBMJ7H] [main] [info] Starting server on port 8080
19Y-12-09 19:54:48.453 [DESKTOP-FGBMJ7H] [dbConnection] [info] connected to the database
19Y-12-09 19:55:09.445 [DESKTOP-FGBMJ7H] [main] [info] Starting server on port 8080
19Y-12-09 19:55:09.462 [DESKTOP-FGBMJ7H] [dbConnection] [info] connected to the database
19Y-12-09 19:55:18.511 [DESKTOP-FGBMJ7H] [main] [info] Starting server on port 8080
19Y-12-09 19:55:18.575 [DESKTOP-FGBMJ7H] [dbConnection] [info] connected to the database
19Y-12-09 19:57:18.349 [DESKTOP-FGBMJ7H] [main] [info] Starting server on port 8080
19Y-12-09 19:57:18.376 [DESKTOP-FGBMJ7H] [dbConnection] [info] connected to the database
19Y-12-09 19:57:30.576 [DESKTOP-FGBMJ7H] [getTeam] [info] Returning Team
19Y-12-09 19:57:42.041 [DESKTOP-FGBMJ7H] [getTeam] [info] Returning Team
19Y-12-09 19:57:46.347 [DESKTOP-FGBMJ7H] [getTeam] [info] Returning Team
19Y-12-09 20:00:24.482 [DESKTOP-FGBMJ7H] [main] [info] Starting server on port 8080
19Y-12-09 20:00:24.505 [DESKTOP-FGBMJ7H] [dbConnection] [info] connected to the database
19Y-12-09 20:00:27.588 [DESKTOP-FGBMJ7H] [getTeam] [info] Returning Team
19Y-12-09 20:00:29.926 [DESKTOP-FGBMJ7H] [getTeam] [info] Returning Team
19Y-12-09 20:00:32.406 [DESKTOP-FGBMJ7H] [getTeam] [warn] Bad value passed: team_na
19Y-12-09 20:00:38.914 [DESKTOP-FGBMJ7H] [getTeam] [info] Returning Team
19Y-12-09 20:00:51.441 [DESKTOP-FGBMJ7H] [main] [info] Starting server on port 8080
19Y-12-09 20:00:51.460 [DESKTOP-FGBMJ7H] [dbConnection] [info] connected to the database
19Y-12-09 20:00:53.780 [DESKTOP-FGBMJ7H] [getTeam] [info] Returning Team
19Y-12-09 20:00:54.692 [DESKTOP-FGBMJ7H] [getTeam] [info] Returning Team
19Y-12-09 20:00:55.307 [DESKTOP-FGBMJ7H] [getTeam] [info] Returning Team
19Y-12-09 20:02:57.865 [DESKTOP-FGBMJ7H] [main] [info] Starting server on port 8080
19Y-12-09 20:02:57.884 [DESKTOP-FGBMJ7H] [dbConnection] [info] connected to the database
19Y-12-09 20:03:04.534 [DESKTOP-FGBMJ7H] [getTeam] [info] Returning Team
19Y-12-09 20:04:27.844 [DESKTOP-FGBMJ7H] [main] [info] Starting server on port 8080
19Y-12-09 20:04:27.869 [DESKTOP-FGBMJ7H] [dbConnection] [info] connected to the database
19Y-12-09 20:04:31.681 [DESKTOP-FGBMJ7H] [getTeam] [info] Returning Team
19Y-12-09 20:04:59.910 [DESKTOP-FGBMJ7H] [main] [info] Starting server on port 8080
19Y-12-09 20:04:59.930 [DESKTOP-FGBMJ7H] [dbConnection] [info] connected to the database
19Y-12-09 20:05:03.981 [DESKTOP-FGBMJ7H] [getTeam] [info] Returning Team
19Y-12-09 20:05:40.849 [DESKTOP-FGBMJ7H] [main] [info] Starting server on port 8080
19Y-12-09 20:05:40.868 [DESKTOP-FGBMJ7H] [dbConnection] [info] connected to the database
19Y-12-09 20:05:52.176 [DESKTOP-FGBMJ7H] [getTeam] [info] Returning Team
19Y-12-09 20:06:22.275 [DESKTOP-FGBMJ7H] [getTeam] [warn] Bad value passed: uid
19Y-12-09 20:06:44.486 [DESKTOP-FGBMJ7H] [getTeam] [info] Returning Team
19Y-12-09 20:06:57.478 [DESKTOP-FGBMJ7H] [main] [info] Starting server on port 8080
19Y-12-09 20:06:57.499 [DESKTOP-FGBMJ7H] [dbConnection] [info] connected to the database
19Y-12-09 20:07:01.693 [DESKTOP-FGBMJ7H] [getTeam] [info] Returning Team
19Y-12-09 20:07:18.388 [DESKTOP-FGBMJ7H] [main] [info] Starting server on port 8080
19Y-12-09 20:07:18.403 [DESKTOP-FGBMJ7H] [dbConnection] [info] connected to the database
19Y-12-09 20:07:24.087 [DESKTOP-FGBMJ7H] [getTeam] [info] Returning Team
19Y-12-09 20:09:30.049 [DESKTOP-FGBMJ7H] [main] [info] Starting server on port 8080
19Y-12-09 20:09:30.070 [DESKTOP-FGBMJ7H] [dbConnection] [info] connected to the database
19Y-12-09 20:09:35.804 [DESKTOP-FGBMJ7H] [getTeam] [info] Returning Team
19Y-12-09 20:11:08.963 [DESKTOP-FGBMJ7H] [main] [info] Starting server on port 8080
19Y-12-09 20:11:09.010 [DESKTOP-FGBMJ7H] [dbConnection] [info] connected to the database
19Y-12-09 20:11:18.931 [DESKTOP-FGBMJ7H] [getTeam] [info] Returning Team
19Y-12-09 20:11:46.867 [DESKTOP-FGBMJ7H] [main] [info] Starting server on port 8080
19Y-12-09 20:11:46.893 [DESKTOP-FGBMJ7H] [dbConnection] [info] connected to the database
19Y-12-09 20:11:52.456 [DESKTOP-FGBMJ7H] [getTeam] [info] Returning Team
19Y-12-09 20:12:47.552 [DESKTOP-FGBMJ7H] [main] [info] Starting server on port 8080
19Y-12-09 20:12:47.576 [DESKTOP-FGBMJ7H] [dbConnection] [info] connected to the database
19Y-12-09 20:12:50.195 [DESKTOP-FGBMJ7H] [getTeam] [info] Returning Team
19Y-12-09 20:13:31.923 [DESKTOP-FGBMJ7H] [main] [info] Starting server on port 8080
19Y-12-09 20:13:31.938 [DESKTOP-FGBMJ7H] [dbConnection] [info] connected to the database
19Y-12-09 20:13:35.185 [DESKTOP-FGBMJ7H] [getTeam] [info] Returning Team
19Y-12-09 20:13:47.651 [DESKTOP-FGBMJ7H] [main] [info] Starting server on port 8080
19Y-12-09 20:13:47.675 [DESKTOP-FGBMJ7H] [dbConnection] [info] connected to the database
19Y-12-09 20:13:53.826 [DESKTOP-FGBMJ7H] [getTeam] [info] Returning Team
19Y-12-09 20:15:03.814 [DESKTOP-FGBMJ7H] [main] [info] Starting server on port 8080
19Y-12-09 20:15:03.840 [DESKTOP-FGBMJ7H] [dbConnection] [info] connected to the database
19Y-12-09 20:16:32.372 [DESKTOP-FGBMJ7H] [getTeam] [info] Returning Team
19Y-12-09 20:16:45.122 [DESKTOP-FGBMJ7H] [main] [info] Starting server on port 8080
19Y-12-09 20:16:45.148 [DESKTOP-FGBMJ7H] [dbConnection] [info] connected to the database
19Y-12-09 20:16:47.786 [DESKTOP-FGBMJ7H] [getTeam] [info] Returning Team
19Y-12-09 20:17:26.852 [DESKTOP-FGBMJ7H] [main] [info] Starting server on port 8080
19Y-12-09 20:17:26.874 [DESKTOP-FGBMJ7H] [dbConnection] [info] connected to the database
19Y-12-09 20:17:30.480 [DESKTOP-FGBMJ7H] [getTeam] [info] Returning Team
19Y-12-09 20:18:45.434 [DESKTOP-FGBMJ7H] [main] [info] Starting server on port 8080
19Y-12-09 20:18:45.457 [DESKTOP-FGBMJ7H] [dbConnection] [info] connected to the database
19Y-12-09 20:18:51.926 [DESKTOP-FGBMJ7H] [getTeam] [info] Returning Team
19Y-12-09 20:20:09.336 [DESKTOP-FGBMJ7H] [main] [info] Starting server on port 8080
19Y-12-09 20:20:14.371 [DESKTOP-FGBMJ7H] [dbConnection] [info] connected to the database
19Y-12-09 20:20:15.244 [DESKTOP-FGBMJ7H] [getTeam] [error] 
19Y-12-09 20:20:45.419 [DESKTOP-FGBMJ7H] [main] [info] Starting server on port 8080
19Y-12-09 20:20:45.447 [DESKTOP-FGBMJ7H] [dbConnection] [info] connected to the database
19Y-12-09 20:20:58.776 [DESKTOP-FGBMJ7H] [getTeam] [error] 
19Y-12-09 20:20:59.442 [DESKTOP-FGBMJ7H] [main] [info] Starting server on port 8080
19Y-12-09 20:20:59.473 [DESKTOP-FGBMJ7H] [dbConnection] [info] connected to the database
19Y-12-09 20:21:06.228 [DESKTOP-FGBMJ7H] [getTeam] [error] 
19Y-12-09 20:21:06.953 [DESKTOP-FGBMJ7H] [main] [info] Starting server on port 8080
19Y-12-09 20:21:06.983 [DESKTOP-FGBMJ7H] [dbConnection] [info] connected to the database
19Y-12-09 20:21:39.796 [DESKTOP-FGBMJ7H] [main] [info] Starting server on port 8080
19Y-12-09 20:21:39.814 [DESKTOP-FGBMJ7H] [dbConnection] [info] connected to the database
19Y-12-09 20:21:45.252 [DESKTOP-FGBMJ7H] [main] [info] Starting server on port 8080
19Y-12-09 20:21:45.274 [DESKTOP-FGBMJ7H] [dbConnection] [info] connected to the database
19Y-12-09 20:21:50.691 [DESKTOP-FGBMJ7H] [getTeam] [info] Returning Team
19Y-12-09 20:22:03.040 [DESKTOP-FGBMJ7H] [getTeam] [info] Returning Team
19Y-12-09 20:23:03.809 [DESKTOP-FGBMJ7H] [main] [info] Starting server on port 8080
19Y-12-09 20:23:03.830 [DESKTOP-FGBMJ7H] [dbConnection] [info] connected to the database
19Y-12-09 20:23:08.149 [DESKTOP-FGBMJ7H] [getTeam] [info] Returning Team
19Y-12-09 20:23:17.328 [DESKTOP-FGBMJ7H] [main] [info] Starting server on port 8080
19Y-12-09 20:23:17.344 [DESKTOP-FGBMJ7H] [dbConnection] [info] connected to the database
19Y-12-09 20:23:20.803 [DESKTOP-FGBMJ7H] [getTeam] [info] Returning Team
19Y-12-09 20:23:42.838 [DESKTOP-FGBMJ7H] [main] [info] Starting server on port 8080
19Y-12-09 20:23:42.854 [DESKTOP-FGBMJ7H] [dbConnection] [info] connected to the database
19Y-12-09 20:23:48.195 [DESKTOP-FGBMJ7H] [getTeam] [info] Returning Team
19Y-12-09 20:24:54.711 [DESKTOP-FGBMJ7H] [main] [info] Starting server on port 8080
19Y-12-09 20:24:54.732 [DESKTOP-FGBMJ7H] [dbConnection] [info] connected to the database
19Y-12-09 20:24:59.010 [DESKTOP-FGBMJ7H] [getTeam] [info] Returning Team
19Y-12-09 20:25:06.800 [DESKTOP-FGBMJ7H] [main] [info] Starting server on port 8080
19Y-12-09 20:25:06.828 [DESKTOP-FGBMJ7H] [dbConnection] [info] connected to the database
19Y-12-09 20:25:09.776 [DESKTOP-FGBMJ7H] [getTeam] [info] Returning Team
19Y-12-09 20:25:16.446 [DESKTOP-FGBMJ7H] [main] [info] Starting server on port 8080
19Y-12-09 20:25:16.470 [DESKTOP-FGBMJ7H] [dbConnection] [info] connected to the database
19Y-12-09 21:32:30.141 [DESKTOP-FGBMJ7H] [main] [info] Starting server on port 8080
19Y-12-09 21:32:30.161 [DESKTOP-FGBMJ7H] [dbConnection] [info] connected to the database
19Y-12-09 21:32:46.438 [DESKTOP-FGBMJ7H] [main] [info] Starting server on port 8080
19Y-12-09 21:32:46.476 [DESKTOP-FGBMJ7H] [dbConnection] [info] connected to the database
19Y-12-09 21:32:49.565 [DESKTOP-FGBMJ7H] [getTeam] [info] Returning Team
19Y-12-09 21:34:19.444 [DESKTOP-FGBMJ7H] [main] [info] Starting server on port 8080
19Y-12-09 21:34:24.479 [DESKTOP-FGBMJ7H] [dbConnection] [info] connected to the database
19Y-12-09 21:34:25.930 [DESKTOP-FGBMJ7H] [main] [info] Starting server on port 8080
19Y-12-09 21:34:25.954 [DESKTOP-FGBMJ7H] [dbConnection] [info] connected to the database
19Y-12-09 21:35:43.054 [DESKTOP-FGBMJ7H] [main] [info] Starting server on port 8080
19Y-12-09 21:35:43.073 [DESKTOP-FGBMJ7H] [dbConnection] [info] connected to the database
19Y-12-09 21:35:55.147 [DESKTOP-FGBMJ7H] [main] [info] Starting server on port 8080
19Y-12-09 21:35:55.169 [DESKTOP-FGBMJ7H] [dbConnection] [info] connected to the database
19Y-12-09 21:37:58.643 [DESKTOP-FGBMJ7H] [main] [info] Starting server on port 8080
19Y-12-09 21:37:58.664 [DESKTOP-FGBMJ7H] [dbConnection] [info] connected to the database
19Y-12-09 21:39:12.587 [DESKTOP-FGBMJ7H] [main] [info] Starting server on port 8080
19Y-12-09 21:39:12.604 [DESKTOP-FGBMJ7H] [dbConnection] [info] connected to the database
19Y-12-09 21:39:20.348 [DESKTOP-FGBMJ7H] [main] [info] Starting server on port 8080
19Y-12-09 21:39:20.364 [DESKTOP-FGBMJ7H] [dbConnection] [info] connected to the database
19Y-12-09 21:41:47.457 [DESKTOP-FGBMJ7H] [main] [info] Starting server on port 8080
19Y-12-09 21:41:47.470 [DESKTOP-FGBMJ7H] [dbConnection] [info] connected to the database
19Y-12-09 21:44:24.028 [DESKTOP-FGBMJ7H] [main] [info] Starting server on port 8080
19Y-12-09 21:44:24.051 [DESKTOP-FGBMJ7H] [dbConnection] [info] connected to the database
19Y-12-09 21:45:14.107 [DESKTOP-FGBMJ7H] [main] [info] Starting server on port 8080
19Y-12-09 21:45:14.128 [DESKTOP-FGBMJ7H] [dbConnection] [info] connected to the database
19Y-12-09 21:58:46.131 [DESKTOP-FGBMJ7H] [main] [info] Starting server on port 8080
19Y-12-09 21:58:46.148 [DESKTOP-FGBMJ7H] [dbConnection] [info] connected to the database
19Y-12-09 22:00:08.698 [DESKTOP-FGBMJ7H] [main] [info] Starting server on port 8080
19Y-12-09 22:00:13.726 [DESKTOP-FGBMJ7H] [dbConnection] [info] connected to the database
19Y-12-09 22:01:24.694 [DESKTOP-FGBMJ7H] [main] [info] Starting server on port 8080
19Y-12-09 22:01:24.712 [DESKTOP-FGBMJ7H] [dbConnection] [info] connected to the database
19Y-12-09 22:01:42.264 [DESKTOP-FGBMJ7H] [main] [info] Starting server on port 8080
19Y-12-09 22:01:42.282 [DESKTOP-FGBMJ7H] [dbConnection] [info] connected to the database
19Y-12-09 22:04:50.542 [DESKTOP-FGBMJ7H] [main] [info] Starting server on port 8080
19Y-12-09 22:04:50.565 [DESKTOP-FGBMJ7H] [dbConnection] [info] connected to the database
19Y-12-09 22:08:28.291 [DESKTOP-FGBMJ7H] [main] [info] Starting server on port 8080
19Y-12-09 22:08:28.313 [DESKTOP-FGBMJ7H] [dbConnection] [info] connected to the database
19Y-12-09 22:08:31.994 [DESKTOP-FGBMJ7H] [insertTeam] [info] Missing / invalid value(s): team_number,uid,instances,rounds,updatedAt,createdAt,__v
19Y-12-09 22:09:22.435 [DESKTOP-FGBMJ7H] [main] [info] Starting server on port 8080
19Y-12-09 22:09:22.458 [DESKTOP-FGBMJ7H] [dbConnection] [info] connected to the database
19Y-12-09 22:09:25.450 [DESKTOP-FGBMJ7H] [insertTeam] [info] Missing / invalid value(s): team_number
19Y-12-09 22:09:51.036 [DESKTOP-FGBMJ7H] [main] [info] Starting server on port 8080
19Y-12-09 22:09:51.057 [DESKTOP-FGBMJ7H] [dbConnection] [info] connected to the database
19Y-12-09 22:20:38.585 [DESKTOP-FGBMJ7H] [main] [info] Starting server on port 8080
19Y-12-09 22:20:38.609 [DESKTOP-FGBMJ7H] [dbConnection] [info] connected to the database
19Y-12-09 22:20:43.808 [DESKTOP-FGBMJ7H] [checkExisting] [debug] Existing Team: null
19Y-12-09 22:23:58.419 [DESKTOP-FGBMJ7H] [main] [info] Starting server on port 8080
19Y-12-09 22:23:58.437 [DESKTOP-FGBMJ7H] [dbConnection] [info] connected to the database
19Y-12-09 22:24:13.770 [DESKTOP-FGBMJ7H] [getTeam] [info] Returning teams
19Y-12-09 22:24:29.723 [DESKTOP-FGBMJ7H] [main] [info] Starting server on port 8080
19Y-12-09 22:24:29.743 [DESKTOP-FGBMJ7H] [dbConnection] [info] connected to the database
19Y-12-09 22:25:26.826 [DESKTOP-FGBMJ7H] [main] [info] Starting server on port 8080
19Y-12-09 22:25:26.841 [DESKTOP-FGBMJ7H] [dbConnection] [info] connected to the database
19Y-12-09 22:25:29.208 [DESKTOP-FGBMJ7H] [debug] [object Object]
19Y-12-09 22:25:44.197 [DESKTOP-FGBMJ7H] [main] [info] Starting server on port 8080
19Y-12-09 22:25:44.217 [DESKTOP-FGBMJ7H] [dbConnection] [info] connected to the database
19Y-12-09 22:26:15.798 [DESKTOP-FGBMJ7H] [main] [info] Starting server on port 8080
19Y-12-09 22:26:15.825 [DESKTOP-FGBMJ7H] [dbConnection] [info] connected to the database
19Y-12-09 22:26:41.248 [DESKTOP-FGBMJ7H] [main] [info] Starting server on port 8080
19Y-12-09 22:26:41.262 [DESKTOP-FGBMJ7H] [dbConnection] [info] connected to the database
19Y-12-09 22:26:53.190 [DESKTOP-FGBMJ7H] [main] [info] Starting server on port 8080
19Y-12-09 22:26:53.208 [DESKTOP-FGBMJ7H] [dbConnection] [info] connected to the database
19Y-12-09 22:27:40.997 [DESKTOP-FGBMJ7H] [main] [info] Starting server on port 8080
19Y-12-09 22:27:41.015 [DESKTOP-FGBMJ7H] [dbConnection] [info] connected to the database
19Y-12-09 22:29:08.602 [DESKTOP-FGBMJ7H] [main] [info] Starting server on port 8080
19Y-12-09 22:29:08.615 [DESKTOP-FGBMJ7H] [dbConnection] [info] connected to the database
19Y-12-09 22:29:11.419 [DESKTOP-FGBMJ7H] [main] [info] Starting server on port 8080
19Y-12-09 22:29:11.461 [DESKTOP-FGBMJ7H] [dbConnection] [info] connected to the database
19Y-12-09 22:29:58.380 [DESKTOP-FGBMJ7H] [main] [info] Starting server on port 8080
19Y-12-09 22:29:58.398 [DESKTOP-FGBMJ7H] [dbConnection] [info] connected to the database
19Y-12-09 22:31:12.033 [DESKTOP-FGBMJ7H] [main] [info] Starting server on port 8080
19Y-12-09 22:31:12.073 [DESKTOP-FGBMJ7H] [dbConnection] [info] connected to the database
19Y-12-09 22:31:27.408 [DESKTOP-FGBMJ7H] [main] [info] Starting server on port 8080
19Y-12-09 22:31:27.475 [DESKTOP-FGBMJ7H] [dbConnection] [info] connected to the database
19Y-12-09 22:31:44.272 [DESKTOP-FGBMJ7H] [main] [info] Starting server on port 8080
19Y-12-09 22:31:44.293 [DESKTOP-FGBMJ7H] [dbConnection] [info] connected to the database
19Y-12-09 22:31:54.292 [DESKTOP-FGBMJ7H] [main] [info] Starting server on port 8080
19Y-12-09 22:31:54.309 [DESKTOP-FGBMJ7H] [dbConnection] [info] connected to the database
19Y-12-09 22:32:21.354 [DESKTOP-FGBMJ7H] [main] [info] Starting server on port 8080
19Y-12-09 22:32:21.377 [DESKTOP-FGBMJ7H] [dbConnection] [info] connected to the database
19Y-12-09 22:34:02.762 [DESKTOP-FGBMJ7H] [main] [info] Starting server on port 8080
19Y-12-09 22:34:02.782 [DESKTOP-FGBMJ7H] [dbConnection] [info] connected to the database
19Y-12-09 22:34:42.551 [DESKTOP-FGBMJ7H] [main] [info] Starting server on port 8080
19Y-12-09 22:34:42.592 [DESKTOP-FGBMJ7H] [dbConnection] [info] connected to the database
19Y-12-09 22:35:13.884 [DESKTOP-FGBMJ7H] [main] [info] Starting server on port 8080
19Y-12-09 22:35:13.905 [DESKTOP-FGBMJ7H] [dbConnection] [info] connected to the database
19Y-12-09 22:36:45.979 [DESKTOP-FGBMJ7H] [main] [info] Starting server on port 8080
19Y-12-09 22:36:45.993 [DESKTOP-FGBMJ7H] [dbConnection] [info] connected to the database
19Y-12-09 22:37:00.250 [DESKTOP-FGBMJ7H] [main] [info] Starting server on port 8080
19Y-12-09 22:37:00.267 [DESKTOP-FGBMJ7H] [dbConnection] [info] connected to the database
19Y-12-09 22:37:22.248 [DESKTOP-FGBMJ7H] [main] [info] Starting server on port 8080
19Y-12-09 22:37:22.267 [DESKTOP-FGBMJ7H] [dbConnection] [info] connected to the database
19Y-12-09 22:39:03.170 [DESKTOP-FGBMJ7H] [main] [info] Starting server on port 8080
19Y-12-09 22:39:03.192 [DESKTOP-FGBMJ7H] [dbConnection] [info] connected to the database
19Y-12-09 22:40:40.039 [DESKTOP-FGBMJ7H] [main] [info] Starting server on port 8080
19Y-12-09 22:40:40.057 [DESKTOP-FGBMJ7H] [dbConnection] [info] connected to the database
19Y-12-09 22:41:16.216 [DESKTOP-FGBMJ7H] [main] [info] Starting server on port 8080
19Y-12-09 22:41:16.237 [DESKTOP-FGBMJ7H] [dbConnection] [info] connected to the database
19Y-12-09 22:42:41.376 [DESKTOP-FGBMJ7H] [main] [info] Starting server on port 8080
19Y-12-09 22:42:41.395 [DESKTOP-FGBMJ7H] [dbConnection] [info] connected to the database
19Y-12-09 22:43:21.776 [DESKTOP-FGBMJ7H] [main] [info] Starting server on port 8080
19Y-12-09 22:43:21.793 [DESKTOP-FGBMJ7H] [dbConnection] [info] connected to the database
19Y-12-09 22:45:58.608 [DESKTOP-FGBMJ7H] [main] [info] Starting server on port 8080
19Y-12-09 22:45:58.630 [DESKTOP-FGBMJ7H] [dbConnection] [info] connected to the database
19Y-12-09 22:46:22.207 [DESKTOP-FGBMJ7H] [main] [info] Starting server on port 8080
19Y-12-09 22:46:22.225 [DESKTOP-FGBMJ7H] [dbConnection] [info] connected to the database
19Y-12-09 22:47:29.725 [DESKTOP-FGBMJ7H] [main] [info] Starting server on port 8080
19Y-12-09 22:47:29.741 [DESKTOP-FGBMJ7H] [dbConnection] [info] connected to the database
19Y-12-09 22:48:06.648 [DESKTOP-FGBMJ7H] [getTeam] [info] Returning teams
19Y-12-09 22:48:11.774 [DESKTOP-FGBMJ7H] [getTeam] [info] Returning teams
19Y-12-09 22:48:15.645 [DESKTOP-FGBMJ7H] [getTeam] [info] Returning teams
19Y-12-09 22:48:19.676 [DESKTOP-FGBMJ7H] [getTeam] [warn] Bad value passed: team_ame
19Y-12-09 22:48:38.594 [DESKTOP-FGBMJ7H] [getTeam] [warn] Bad value passed: team_numberOK-124a0
19Y-12-09 22:49:15.866 [DESKTOP-FGBMJ7H] [main] [info] Starting server on port 8080
19Y-12-09 22:49:15.903 [DESKTOP-FGBMJ7H] [dbConnection] [info] connected to the database
19Y-12-09 22:49:19.564 [DESKTOP-FGBMJ7H] [getTeam] [warn] Bad value passed: team_numberOK-124a0
19Y-12-09 22:49:29.086 [DESKTOP-FGBMJ7H] [getTeam] [info] Returning teams
19Y-12-09 22:49:39.633 [DESKTOP-FGBMJ7H] [getTeam] [info] Returning teams
19Y-12-09 22:49:49.008 [DESKTOP-FGBMJ7H] [main] [info] Starting server on port 8080
19Y-12-09 22:49:49.028 [DESKTOP-FGBMJ7H] [dbConnection] [info] connected to the database
19Y-12-09 22:53:22.684 [DESKTOP-FGBMJ7H] [main] [info] Starting server on port 8080
19Y-12-09 22:53:22.739 [DESKTOP-FGBMJ7H] [dbConnection] [info] connected to the database
19Y-12-09 22:53:30.685 [DESKTOP-FGBMJ7H] [getTeam] [info] Returning teams
