19Y-12-15 15:32:36.474 [DESKTOP-FGBMJ7H] [main] [info] Starting server on port 8080
19Y-12-15 15:32:36.493 [DESKTOP-FGBMJ7H] [dbConnection] [error] MongoDB connection error: MongoNetworkError: failed to connect to server [localhost:27017] on first connect [Error: connect ECONNREFUSED 127.0.0.1:27017
    at TCPConnectWrap.afterConnect [as oncomplete] (net.js:1136:16) {
  name: 'MongoNetworkError',
  [Symbol(mongoErrorContextSymbol)]: {}
}]
19Y-12-15 15:32:58.985 [DESKTOP-FGBMJ7H] [create_new_instance] [info] Missing / invalid value(s): team.team_name,team
19Y-12-15 15:34:19.239 [DESKTOP-FGBMJ7H] [main] [info] Starting server on port 8080
19Y-12-15 15:34:19.412 [DESKTOP-FGBMJ7H] [dbConnection] [info] connected to the database
19Y-12-15 15:34:24.598 [DESKTOP-FGBMJ7H] [create_new_instance] [info] Missing / invalid value(s): team.team_name,team
19Y-12-15 15:36:47.669 [DESKTOP-FGBMJ7H] [main] [info] Starting server on port 8080
19Y-12-15 15:36:47.706 [DESKTOP-FGBMJ7H] [dbConnection] [info] connected to the database
19Y-12-15 15:36:51.198 [DESKTOP-FGBMJ7H] [create_new_instance] [info] Missing / invalid value(s): team.team_name,team
19Y-12-15 15:39:27.974 [DESKTOP-FGBMJ7H] [create_new_instance] [info] Missing / invalid value(s): team.team_name,team
19Y-12-15 15:39:36.821 [DESKTOP-FGBMJ7H] [main] [info] Starting server on port 8080
19Y-12-15 15:39:36.856 [DESKTOP-FGBMJ7H] [dbConnection] [info] connected to the database
19Y-12-15 15:39:38.615 [DESKTOP-FGBMJ7H] [create_new_instance] [info] Missing / invalid value(s): team.team_name,team
19Y-12-15 15:39:49.055 [DESKTOP-FGBMJ7H] [create_new_instance] [info] Missing / invalid value(s): team.team_name,team
19Y-12-15 15:39:56.318 [DESKTOP-FGBMJ7H] [main] [info] Starting server on port 8080
19Y-12-15 15:39:56.357 [DESKTOP-FGBMJ7H] [dbConnection] [info] connected to the database
19Y-12-15 15:40:02.251 [DESKTOP-FGBMJ7H] [create_new_instance] [info] Missing / invalid value(s): team.team_name,team
19Y-12-15 15:41:03.510 [DESKTOP-FGBMJ7H] [create_new_instance] [info] Missing / invalid value(s): team.team_name,team
19Y-12-15 15:41:08.539 [DESKTOP-FGBMJ7H] [main] [info] Starting server on port 8080
19Y-12-15 15:41:08.567 [DESKTOP-FGBMJ7H] [dbConnection] [info] connected to the database
19Y-12-15 15:41:10.438 [DESKTOP-FGBMJ7H] [create_new_instance] [info] Missing / invalid value(s): team.team_name,team
19Y-12-15 15:42:27.117 [DESKTOP-FGBMJ7H] [main] [info] Starting server on port 8080
19Y-12-15 15:42:27.149 [DESKTOP-FGBMJ7H] [dbConnection] [info] connected to the database
19Y-12-15 15:42:30.448 [DESKTOP-FGBMJ7H] [create_new_instance] [info] Missing / invalid value(s): team.team_name,team
19Y-12-15 15:56:01.286 [DESKTOP-FGBMJ7H] [main] [info] Starting server on port 8080
19Y-12-15 15:56:01.319 [DESKTOP-FGBMJ7H] [dbConnection] [info] connected to the database
19Y-12-15 15:56:29.942 [DESKTOP-FGBMJ7H] [main] [info] Starting server on port 8080
19Y-12-15 15:56:29.982 [DESKTOP-FGBMJ7H] [dbConnection] [info] connected to the database
19Y-12-15 15:59:57.566 [DESKTOP-FGBMJ7H] [main] [info] Starting server on port 8080
19Y-12-15 15:59:57.602 [DESKTOP-FGBMJ7H] [dbConnection] [info] connected to the database
19Y-12-15 16:00:00.435 [DESKTOP-FGBMJ7H] [main] [info] Starting server on port 8080
19Y-12-15 16:00:00.476 [DESKTOP-FGBMJ7H] [dbConnection] [info] connected to the database
19Y-12-15 16:00:33.370 [DESKTOP-FGBMJ7H] [main] [info] Starting server on port 8080
19Y-12-15 16:00:33.415 [DESKTOP-FGBMJ7H] [dbConnection] [info] connected to the database
19Y-12-15 16:00:38.530 [DESKTOP-FGBMJ7H] [create_new_instance] [info] Missing / invalid value(s): team.team_name,team
19Y-12-15 16:05:24.508 [DESKTOP-FGBMJ7H] [main] [info] Starting server on port 8080
19Y-12-15 16:05:24.546 [DESKTOP-FGBMJ7H] [dbConnection] [info] connected to the database
19Y-12-15 16:07:07.610 [DESKTOP-FGBMJ7H] [main] [info] Starting server on port 8080
19Y-12-15 16:07:07.652 [DESKTOP-FGBMJ7H] [dbConnection] [info] connected to the database
19Y-12-15 16:08:01.948 [DESKTOP-FGBMJ7H] [main] [info] Starting server on port 8080
19Y-12-15 16:08:01.989 [DESKTOP-FGBMJ7H] [dbConnection] [info] connected to the database
19Y-12-15 16:08:09.772 [DESKTOP-FGBMJ7H] [main] [info] Starting server on port 8080
19Y-12-15 16:08:09.815 [DESKTOP-FGBMJ7H] [dbConnection] [info] connected to the database
19Y-12-15 16:08:19.306 [DESKTOP-FGBMJ7H] [main] [info] Starting server on port 8080
19Y-12-15 16:08:19.359 [DESKTOP-FGBMJ7H] [dbConnection] [info] connected to the database
19Y-12-15 16:08:36.772 [DESKTOP-FGBMJ7H] [main] [info] Starting server on port 8080
19Y-12-15 16:08:36.816 [DESKTOP-FGBMJ7H] [dbConnection] [info] connected to the database
19Y-12-15 16:15:45.048 [DESKTOP-FGBMJ7H] [main] [info] Starting server on port 8080
19Y-12-15 16:15:45.082 [DESKTOP-FGBMJ7H] [dbConnection] [info] connected to the database
19Y-12-15 16:17:22.048 [DESKTOP-FGBMJ7H] [main] [info] Starting server on port 8080
19Y-12-15 16:17:22.087 [DESKTOP-FGBMJ7H] [dbConnection] [info] connected to the database
19Y-12-15 16:17:25.909 [DESKTOP-FGBMJ7H] [main] [info] Starting server on port 8080
19Y-12-15 16:17:25.938 [DESKTOP-FGBMJ7H] [dbConnection] [info] connected to the database
19Y-12-15 16:18:18.035 [DESKTOP-FGBMJ7H] [getInstance] [warn] Bad value passed: uid
19Y-12-15 16:19:18.383 [DESKTOP-FGBMJ7H] [main] [info] Starting server on port 8080
19Y-12-15 16:19:18.412 [DESKTOP-FGBMJ7H] [dbConnection] [info] connected to the database
19Y-12-15 16:19:24.915 [DESKTOP-FGBMJ7H] [getInstance] [warn] Bad value passed: uid
19Y-12-15 16:20:08.595 [DESKTOP-FGBMJ7H] [main] [info] Starting server on port 8080
19Y-12-15 16:20:08.639 [DESKTOP-FGBMJ7H] [dbConnection] [info] connected to the database
19Y-12-15 16:20:10.964 [DESKTOP-FGBMJ7H] [main] [info] Starting server on port 8080
19Y-12-15 16:20:10.995 [DESKTOP-FGBMJ7H] [dbConnection] [info] connected to the database
19Y-12-15 16:20:13.277 [DESKTOP-FGBMJ7H] [info] [object Object]
19Y-12-15 16:20:45.328 [DESKTOP-FGBMJ7H] [main] [info] Starting server on port 8080
19Y-12-15 16:20:45.373 [DESKTOP-FGBMJ7H] [dbConnection] [info] connected to the database
19Y-12-15 16:20:47.164 [DESKTOP-FGBMJ7H] [info] [object Object]
19Y-12-15 16:22:28.800 [DESKTOP-FGBMJ7H] [main] [info] Starting server on port 8080
19Y-12-15 16:22:28.835 [DESKTOP-FGBMJ7H] [dbConnection] [info] connected to the database
19Y-12-15 16:22:30.718 [DESKTOP-FGBMJ7H] [info] [object Object]
19Y-12-15 16:22:46.755 [DESKTOP-FGBMJ7H] [main] [info] Starting server on port 8080
19Y-12-15 16:22:46.797 [DESKTOP-FGBMJ7H] [dbConnection] [info] connected to the database
19Y-12-15 16:23:11.828 [DESKTOP-FGBMJ7H] [getTeam] [info] Returning teams
19Y-12-15 16:23:36.961 [DESKTOP-FGBMJ7H] [main] [info] Starting server on port 8080
19Y-12-15 16:23:36.987 [DESKTOP-FGBMJ7H] [dbConnection] [info] connected to the database
19Y-12-15 16:24:21.766 [DESKTOP-FGBMJ7H] [create_new_instance] [info] Missing / invalid value(s): team.team_name,team
19Y-12-15 16:25:05.504 [DESKTOP-FGBMJ7H] [main] [info] Starting server on port 8080
19Y-12-15 16:25:05.549 [DESKTOP-FGBMJ7H] [dbConnection] [info] connected to the database
19Y-12-15 16:26:13.171 [DESKTOP-FGBMJ7H] [main] [info] Starting server on port 8080
19Y-12-15 16:26:13.210 [DESKTOP-FGBMJ7H] [dbConnection] [info] connected to the database
19Y-12-15 16:26:14.604 [DESKTOP-FGBMJ7H] [create_new_instance] [info] Missing / invalid value(s): team.team_name,team
19Y-12-15 16:26:28.009 [DESKTOP-FGBMJ7H] [main] [info] Starting server on port 8080
19Y-12-15 16:26:28.053 [DESKTOP-FGBMJ7H] [dbConnection] [info] connected to the database
19Y-12-15 16:26:29.832 [DESKTOP-FGBMJ7H] [create_new_instance] [info] Missing / invalid value(s): team.team_name,team
19Y-12-15 16:26:29.901 [DESKTOP-FGBMJ7H] [create_new_instance] [info] New instance created: 5df6a505c9a0bb18cb7062ea
19Y-12-15 16:27:17.058 [DESKTOP-FGBMJ7H] [main] [info] Starting server on port 8080
19Y-12-15 16:27:17.102 [DESKTOP-FGBMJ7H] [dbConnection] [info] connected to the database
19Y-12-15 16:27:36.310 [DESKTOP-FGBMJ7H] [main] [info] Starting server on port 8080
19Y-12-15 16:27:36.351 [DESKTOP-FGBMJ7H] [dbConnection] [info] connected to the database
19Y-12-15 16:27:44.008 [DESKTOP-FGBMJ7H] [main] [info] Starting server on port 8080
19Y-12-15 16:27:44.045 [DESKTOP-FGBMJ7H] [dbConnection] [info] connected to the database
19Y-12-15 16:28:03.438 [DESKTOP-FGBMJ7H] [getInstance] [info] {
  os_details: { hostname: 'test_os', release: 'ArchLinux uWu', ip: '127.0.0.1' },
  _id: 5df6a505c9a0bb18cb7062ea,
  scoring_config: 'WIP',
  uid: 'e43f0e84-9e33-4330-bb4c-dafc9c4c45aa',
  team: 5def1511b4ba7c7ae6ffd5cf,
  createdAt: 2019-12-15T21:26:29.891Z,
  updatedAt: 2019-12-15T21:26:29.891Z,
  __v: 0
}
19Y-12-15 16:29:57.967 [DESKTOP-FGBMJ7H] [main] [info] Starting server on port 8080
19Y-12-15 16:29:58.006 [DESKTOP-FGBMJ7H] [dbConnection] [info] connected to the database
19Y-12-15 16:30:41.389 [DESKTOP-FGBMJ7H] [main] [info] Starting server on port 8080
19Y-12-15 16:30:41.422 [DESKTOP-FGBMJ7H] [dbConnection] [info] connected to the database
19Y-12-15 16:30:46.368 [DESKTOP-FGBMJ7H] [getInstance] [info] {
  os_details: { hostname: 'test_os', release: 'ArchLinux uWu', ip: '127.0.0.1' },
  _id: 5df6a4f675501018a96d26e9,
  scoring_config: 'WIP',
  uid: 'dc113203-4115-4052-a0ce-8affa01ef97e',
  team: 5def1511b4ba7c7ae6ffd5cf,
  createdAt: 2019-12-15T21:26:14.673Z,
  updatedAt: 2019-12-15T21:26:14.673Z,
  __v: 0
}
19Y-12-15 16:31:07.014 [DESKTOP-FGBMJ7H] [main] [info] Starting server on port 8080
19Y-12-15 16:31:07.055 [DESKTOP-FGBMJ7H] [dbConnection] [info] connected to the database
19Y-12-15 16:31:08.399 [DESKTOP-FGBMJ7H] [getInstance] [info] {
  os_details: { hostname: 'test_os', release: 'ArchLinux uWu', ip: '127.0.0.1' },
  _id: 5df6a4f675501018a96d26e9,
  scoring_config: 'WIP',
  uid: 'dc113203-4115-4052-a0ce-8affa01ef97e',
  team: 5def1511b4ba7c7ae6ffd5cf,
  createdAt: 2019-12-15T21:26:14.673Z,
  updatedAt: 2019-12-15T21:26:14.673Z,
  __v: 0
}
19Y-12-15 16:31:46.097 [DESKTOP-FGBMJ7H] [main] [info] Starting server on port 8080
19Y-12-15 16:31:46.141 [DESKTOP-FGBMJ7H] [dbConnection] [info] connected to the database
19Y-12-15 17:55:44.144 [DESKTOP-FGBMJ7H] [main] [info] Starting server on port 8080
19Y-12-15 17:55:44.181 [DESKTOP-FGBMJ7H] [dbConnection] [info] connected to the database
19Y-12-15 18:27:46.000 [DESKTOP-FGBMJ7H] [main] [info] Starting server on port 8080
19Y-12-15 18:27:46.035 [DESKTOP-FGBMJ7H] [dbConnection] [info] connected to the database
19Y-12-15 18:27:56.438 [DESKTOP-FGBMJ7H] [main] [info] Starting server on port 8080
19Y-12-15 18:27:56.488 [DESKTOP-FGBMJ7H] [dbConnection] [info] connected to the database
19Y-12-15 18:28:54.085 [DESKTOP-FGBMJ7H] [main] [info] Starting server on port 8080
19Y-12-15 18:28:54.129 [DESKTOP-FGBMJ7H] [dbConnection] [info] connected to the database
19Y-12-15 18:29:15.631 [DESKTOP-FGBMJ7H] [create_new_instance] [info] Missing / invalid value(s): team.team_name,team
19Y-12-15 18:29:15.736 [DESKTOP-FGBMJ7H] [create_new_instance] [info] New instance created: 5df6c1cb205b3124af80c904
19Y-12-15 18:29:44.377 [DESKTOP-FGBMJ7H] [main] [info] Starting server on port 8080
19Y-12-15 18:29:44.410 [DESKTOP-FGBMJ7H] [dbConnection] [info] connected to the database
19Y-12-15 18:32:09.859 [DESKTOP-FGBMJ7H] [main] [info] Starting server on port 8080
19Y-12-15 18:32:09.900 [DESKTOP-FGBMJ7H] [dbConnection] [info] connected to the database
19Y-12-15 18:32:48.762 [DESKTOP-FGBMJ7H] [main] [info] Starting server on port 8080
19Y-12-15 18:32:48.805 [DESKTOP-FGBMJ7H] [dbConnection] [info] connected to the database
19Y-12-15 18:33:02.446 [DESKTOP-FGBMJ7H] [create_new_instance] [info] Missing / invalid value(s): team.team_name,team
19Y-12-15 18:33:02.516 [DESKTOP-FGBMJ7H] [create_new_instance] [info] New instance created: 5df6c2ae9059b125fb5ea21b
19Y-12-15 18:36:33.411 [DESKTOP-FGBMJ7H] [main] [info] Starting server on port 8080
19Y-12-15 18:36:33.451 [DESKTOP-FGBMJ7H] [dbConnection] [info] connected to the database
19Y-12-15 18:36:36.681 [DESKTOP-FGBMJ7H] [create_new_instance] [info] Missing / invalid value(s): team.team_name,team
19Y-12-15 18:36:36.802 [DESKTOP-FGBMJ7H] [create_new_instance] [info] New instance created: 5df6c384fd2a7f267bd05662
19Y-12-15 18:37:45.021 [DESKTOP-FGBMJ7H] [main] [info] Starting server on port 8080
19Y-12-15 18:37:45.063 [DESKTOP-FGBMJ7H] [dbConnection] [info] connected to the database
19Y-12-15 18:37:45.843 [DESKTOP-FGBMJ7H] [create_new_instance] [info] Missing / invalid value(s): team.team_name,team
19Y-12-15 18:37:45.927 [DESKTOP-FGBMJ7H] [create_new_instance] [info] New instance created: 5df6c3c956c63026d28ad368
19Y-12-15 18:38:29.796 [DESKTOP-FGBMJ7H] [main] [info] Starting server on port 8080
19Y-12-15 18:38:33.664 [DESKTOP-FGBMJ7H] [create_new_instance] [info] Missing / invalid value(s): team.team_name,team
19Y-12-15 18:38:34.737 [DESKTOP-FGBMJ7H] [dbConnection] [info] connected to the database
19Y-12-15 18:38:34.845 [DESKTOP-FGBMJ7H] [create_new_instance] [info] New instance created: 5df6c3faf5f46126f546aa73
19Y-12-15 18:38:42.134 [DESKTOP-FGBMJ7H] [create_new_instance] [info] Missing / invalid value(s): team.team_name,team
19Y-12-15 18:38:42.146 [DESKTOP-FGBMJ7H] [create_new_instance] [info] New instance created: 5df6c402f5f46126f546aa74
19Y-12-15 18:38:43.190 [DESKTOP-FGBMJ7H] [create_new_instance] [info] Missing / invalid value(s): team.team_name,team
19Y-12-15 18:38:43.250 [DESKTOP-FGBMJ7H] [create_new_instance] [info] New instance created: 5df6c403f5f46126f546aa75
19Y-12-15 18:38:44.231 [DESKTOP-FGBMJ7H] [create_new_instance] [info] Missing / invalid value(s): team.team_name,team
19Y-12-15 18:38:44.239 [DESKTOP-FGBMJ7H] [create_new_instance] [info] New instance created: 5df6c404f5f46126f546aa76
19Y-12-15 18:38:44.906 [DESKTOP-FGBMJ7H] [create_new_instance] [info] Missing / invalid value(s): team.team_name,team
19Y-12-15 18:38:44.915 [DESKTOP-FGBMJ7H] [create_new_instance] [info] New instance created: 5df6c404f5f46126f546aa77
19Y-12-15 18:39:19.489 [DESKTOP-FGBMJ7H] [getTeam] [info] Returning teams
19Y-12-15 18:40:03.632 [DESKTOP-FGBMJ7H] [create_new_instance] [info] Missing / invalid value(s): team.team_name,team
19Y-12-15 18:40:03.641 [DESKTOP-FGBMJ7H] [create_new_instance] [info] New instance created: 5df6c453f5f46126f546aa78
19Y-12-15 18:41:13.396 [DESKTOP-FGBMJ7H] [main] [info] Starting server on port 8080
19Y-12-15 18:41:13.446 [DESKTOP-FGBMJ7H] [dbConnection] [info] connected to the database
19Y-12-15 18:41:23.469 [DESKTOP-FGBMJ7H] [create_new_instance] [info] Missing / invalid value(s): team.team_name,team
19Y-12-15 18:41:23.565 [DESKTOP-FGBMJ7H] [create_new_instance] [info] New instance created: 5df6c4a3049a0b27b229d722
19Y-12-15 18:41:52.434 [DESKTOP-FGBMJ7H] [main] [info] Starting server on port 8080
19Y-12-15 18:41:52.484 [DESKTOP-FGBMJ7H] [dbConnection] [info] connected to the database
19Y-12-15 18:41:54.142 [DESKTOP-FGBMJ7H] [create_new_instance] [info] Missing / invalid value(s): team.team_name,team
19Y-12-15 18:41:54.237 [DESKTOP-FGBMJ7H] [create_new_instance] [info] New instance created: 5df6c4c2710ae12808d8efd5
19Y-12-15 18:42:01.732 [DESKTOP-FGBMJ7H] [getTeam] [info] Returning teams
19Y-12-15 18:42:05.205 [DESKTOP-FGBMJ7H] [getTeam] [info] Returning teams
19Y-12-15 18:42:31.429 [DESKTOP-FGBMJ7H] [main] [info] Starting server on port 8080
19Y-12-15 18:42:31.479 [DESKTOP-FGBMJ7H] [dbConnection] [info] connected to the database
19Y-12-15 18:42:35.771 [DESKTOP-FGBMJ7H] [create_new_instance] [info] Missing / invalid value(s): team.team_name,team
19Y-12-15 18:42:35.866 [DESKTOP-FGBMJ7H] [create_new_instance] [info] New instance created: 5df6c4ebc4b41628837788ca
19Y-12-15 18:42:38.666 [DESKTOP-FGBMJ7H] [getTeam] [info] Returning teams
19Y-12-15 18:42:39.382 [DESKTOP-FGBMJ7H] [getTeam] [info] Returning teams
19Y-12-15 18:42:41.244 [DESKTOP-FGBMJ7H] [create_new_instance] [info] Missing / invalid value(s): team.team_name,team
19Y-12-15 18:42:41.257 [DESKTOP-FGBMJ7H] [create_new_instance] [info] New instance created: 5df6c4f1c4b41628837788cb
19Y-12-15 18:42:43.283 [DESKTOP-FGBMJ7H] [getTeam] [info] Returning teams
19Y-12-15 18:44:06.637 [DESKTOP-FGBMJ7H] [main] [info] Starting server on port 8080
19Y-12-15 18:44:06.674 [DESKTOP-FGBMJ7H] [dbConnection] [info] connected to the database
19Y-12-15 18:44:10.957 [DESKTOP-FGBMJ7H] [create_new_instance] [info] Missing / invalid value(s): team.team_name,team
19Y-12-15 18:44:11.085 [DESKTOP-FGBMJ7H] [create_new_instance] [info] New instance created: 5df6c54bfd549a2900daed88
19Y-12-15 18:45:18.680 [DESKTOP-FGBMJ7H] [main] [info] Starting server on port 8080
19Y-12-15 18:45:18.719 [DESKTOP-FGBMJ7H] [dbConnection] [info] connected to the database
19Y-12-15 18:45:21.768 [DESKTOP-FGBMJ7H] [main] [info] Starting server on port 8080
19Y-12-15 18:45:21.812 [DESKTOP-FGBMJ7H] [dbConnection] [info] connected to the database
19Y-12-15 18:45:24.366 [DESKTOP-FGBMJ7H] [create_new_instance] [info] Missing / invalid value(s): team.team_name,team
19Y-12-15 18:45:24.460 [DESKTOP-FGBMJ7H] [create_new_instance] [info] New instance created: 5df6c594e602e5294dbae629
19Y-12-15 18:45:32.570 [DESKTOP-FGBMJ7H] [main] [info] Starting server on port 8080
19Y-12-15 18:45:32.611 [DESKTOP-FGBMJ7H] [dbConnection] [info] connected to the database
19Y-12-15 18:45:34.410 [DESKTOP-FGBMJ7H] [create_new_instance] [info] Missing / invalid value(s): team.team_name,team
19Y-12-15 18:45:34.502 [DESKTOP-FGBMJ7H] [create_new_instance] [info] New instance created: 5df6c59e3fda3f29668bb55c
19Y-12-15 18:45:37.131 [DESKTOP-FGBMJ7H] [create_new_instance] [info] Missing / invalid value(s): team.team_name,team
19Y-12-15 18:45:37.141 [DESKTOP-FGBMJ7H] [create_new_instance] [info] New instance created: 5df6c5a13fda3f29668bb55d
19Y-12-15 18:45:37.957 [DESKTOP-FGBMJ7H] [create_new_instance] [info] Missing / invalid value(s): team.team_name,team
19Y-12-15 18:45:37.974 [DESKTOP-FGBMJ7H] [create_new_instance] [info] New instance created: 5df6c5a13fda3f29668bb55e
19Y-12-15 18:45:38.800 [DESKTOP-FGBMJ7H] [create_new_instance] [info] Missing / invalid value(s): team.team_name,team
19Y-12-15 18:45:38.811 [DESKTOP-FGBMJ7H] [create_new_instance] [info] New instance created: 5df6c5a23fda3f29668bb55f
19Y-12-15 18:45:39.480 [DESKTOP-FGBMJ7H] [create_new_instance] [info] Missing / invalid value(s): team.team_name,team
19Y-12-15 18:45:39.490 [DESKTOP-FGBMJ7H] [create_new_instance] [info] New instance created: 5df6c5a33fda3f29668bb560
19Y-12-15 18:46:52.506 [DESKTOP-FGBMJ7H] [main] [info] Starting server on port 8080
19Y-12-15 18:46:52.539 [DESKTOP-FGBMJ7H] [dbConnection] [info] connected to the database
19Y-12-15 18:47:02.434 [DESKTOP-FGBMJ7H] [create_new_instance] [info] Missing / invalid value(s): team.team_name,team
19Y-12-15 18:47:02.536 [DESKTOP-FGBMJ7H] [create_new_instance] [info] New instance created: 5df6c5f64c71d62a00ddf193
19Y-12-15 18:47:15.643 [DESKTOP-FGBMJ7H] [getTeam] [info] Returning teams
19Y-12-15 18:48:09.044 [DESKTOP-FGBMJ7H] [main] [info] Starting server on port 8080
19Y-12-15 18:48:09.084 [DESKTOP-FGBMJ7H] [dbConnection] [info] connected to the database
19Y-12-15 18:48:31.931 [DESKTOP-FGBMJ7H] [main] [info] Starting server on port 8080
19Y-12-15 18:48:31.976 [DESKTOP-FGBMJ7H] [dbConnection] [info] connected to the database
19Y-12-15 18:49:01.358 [DESKTOP-FGBMJ7H] [getTeam] [info] Returning teams
19Y-12-15 18:49:07.022 [DESKTOP-FGBMJ7H] [create_new_instance] [info] Missing / invalid value(s): team.team_name,team,running
19Y-12-15 18:49:07.101 [DESKTOP-FGBMJ7H] [create_new_instance] [info] New instance created: 5df6c673ea38742b6ad7218c
19Y-12-15 18:49:56.992 [DESKTOP-FGBMJ7H] [main] [info] Starting server on port 8080
19Y-12-15 18:49:57.027 [DESKTOP-FGBMJ7H] [dbConnection] [info] connected to the database
19Y-12-15 18:50:06.480 [DESKTOP-FGBMJ7H] [create_new_instance] [info] Missing / invalid value(s): team.team_name,team,running
19Y-12-15 18:50:06.575 [DESKTOP-FGBMJ7H] [create_new_instance] [info] New instance created: 5df6c6aef33fac2bdaeba489
19Y-12-15 18:50:09.745 [DESKTOP-FGBMJ7H] [getTeam] [info] Returning teams
19Y-12-15 18:53:24.584 [DESKTOP-FGBMJ7H] [main] [info] Starting server on port 8080
19Y-12-15 18:53:24.636 [DESKTOP-FGBMJ7H] [dbConnection] [info] connected to the database
19Y-12-15 18:54:30.988 [DESKTOP-FGBMJ7H] [main] [info] Starting server on port 8080
19Y-12-15 18:54:31.025 [DESKTOP-FGBMJ7H] [dbConnection] [info] connected to the database
19Y-12-15 19:03:28.917 [DESKTOP-FGBMJ7H] [main] [info] Starting server on port 8080
19Y-12-15 19:03:28.956 [DESKTOP-FGBMJ7H] [dbConnection] [info] connected to the database
19Y-12-15 19:03:34.067 [DESKTOP-FGBMJ7H] [create_new_instance] [info] Missing / invalid value(s): team.team_name,team,running,round
19Y-12-15 19:03:34.178 [DESKTOP-FGBMJ7H] [create_new_instance] [info] New instance created: 5df6c9d66f27482e1aa2f18b
19Y-12-15 19:03:40.030 [DESKTOP-FGBMJ7H] [getTeam] [info] Returning teams
19Y-12-15 19:04:42.259 [DESKTOP-FGBMJ7H] [main] [info] Starting server on port 8080
19Y-12-15 19:04:42.308 [DESKTOP-FGBMJ7H] [dbConnection] [info] connected to the database
19Y-12-15 19:04:51.346 [DESKTOP-FGBMJ7H] [main] [info] Starting server on port 8080
19Y-12-15 19:04:51.390 [DESKTOP-FGBMJ7H] [dbConnection] [info] connected to the database
19Y-12-15 19:05:00.247 [DESKTOP-FGBMJ7H] [getTeam] [info] Returning teams
19Y-12-15 19:05:06.430 [DESKTOP-FGBMJ7H] [create_new_instance] [info] Missing / invalid value(s): team.team_name,team,running,round
19Y-12-15 19:05:06.513 [DESKTOP-FGBMJ7H] [create_new_instance] [info] New instance created: 5df6ca32b7a5822ef9a2a25e
19Y-12-15 19:06:36.144 [DESKTOP-FGBMJ7H] [main] [info] Starting server on port 8080
19Y-12-15 19:06:36.191 [DESKTOP-FGBMJ7H] [dbConnection] [info] connected to the database
19Y-12-15 19:06:40.853 [DESKTOP-FGBMJ7H] [create_new_instance] [info] Missing / invalid value(s): team.team_name,team,running,round
19Y-12-15 19:06:40.947 [DESKTOP-FGBMJ7H] [create_new_instance] [info] New instance created: 5df6ca904d58872f56fa809d
19Y-12-15 19:06:48.123 [DESKTOP-FGBMJ7H] [getTeam] [info] Returning teams
19Y-12-15 19:06:49.822 [DESKTOP-FGBMJ7H] [getTeam] [info] Returning teams
19Y-12-15 19:07:57.620 [DESKTOP-FGBMJ7H] [main] [info] Starting server on port 8080
19Y-12-15 19:07:57.661 [DESKTOP-FGBMJ7H] [dbConnection] [info] connected to the database
19Y-12-15 19:08:05.760 [DESKTOP-FGBMJ7H] [main] [info] Starting server on port 8080
19Y-12-15 19:08:05.791 [DESKTOP-FGBMJ7H] [dbConnection] [info] connected to the database
19Y-12-15 19:08:08.729 [DESKTOP-FGBMJ7H] [getTeam] [info] Returning teams
19Y-12-15 19:09:17.053 [DESKTOP-FGBMJ7H] [main] [info] Starting server on port 8080
19Y-12-15 19:09:17.099 [DESKTOP-FGBMJ7H] [dbConnection] [info] connected to the database
19Y-12-15 19:09:18.149 [DESKTOP-FGBMJ7H] [getTeam] [info] Returning teams
19Y-12-15 19:09:36.817 [DESKTOP-FGBMJ7H] [main] [info] Starting server on port 8080
19Y-12-15 19:09:36.863 [DESKTOP-FGBMJ7H] [dbConnection] [info] connected to the database
19Y-12-15 19:10:05.506 [DESKTOP-FGBMJ7H] [main] [info] Starting server on port 8080
19Y-12-15 19:10:05.547 [DESKTOP-FGBMJ7H] [dbConnection] [info] connected to the database
19Y-12-15 19:10:06.629 [DESKTOP-FGBMJ7H] [getTeam] [info] Returning teams
19Y-12-15 19:10:21.806 [DESKTOP-FGBMJ7H] [getTeam] [warn] Bad value passed: verbose
19Y-12-15 19:10:45.505 [DESKTOP-FGBMJ7H] [main] [info] Starting server on port 8080
19Y-12-15 19:10:45.549 [DESKTOP-FGBMJ7H] [dbConnection] [info] connected to the database
19Y-12-15 19:10:48.096 [DESKTOP-FGBMJ7H] [getTeam] [warn] Bad value passed: verbose
19Y-12-15 19:11:43.316 [DESKTOP-FGBMJ7H] [main] [info] Starting server on port 8080
19Y-12-15 19:11:43.358 [DESKTOP-FGBMJ7H] [dbConnection] [info] connected to the database
19Y-12-15 19:11:49.492 [DESKTOP-FGBMJ7H] [getTeam] [info] Returning teams
19Y-12-15 19:12:31.935 [DESKTOP-FGBMJ7H] [main] [info] Starting server on port 8080
19Y-12-15 19:12:31.967 [DESKTOP-FGBMJ7H] [dbConnection] [info] connected to the database
19Y-12-15 19:12:36.190 [DESKTOP-FGBMJ7H] [getTeam] [info] Returning teams
19Y-12-15 19:14:28.357 [DESKTOP-FGBMJ7H] [main] [info] Starting server on port 8080
19Y-12-15 19:14:28.401 [DESKTOP-FGBMJ7H] [dbConnection] [info] connected to the database
19Y-12-15 19:14:33.291 [DESKTOP-FGBMJ7H] [create_new_instance] [info] Missing / invalid value(s): team.team_name,team,running,round
19Y-12-15 19:14:33.381 [DESKTOP-FGBMJ7H] [create_new_instance] [info] New instance created: 5df6cc69ef633e3252439a34
19Y-12-15 19:19:44.270 [DESKTOP-FGBMJ7H] [main] [info] Starting server on port 8080
19Y-12-15 19:19:44.320 [DESKTOP-FGBMJ7H] [dbConnection] [info] connected to the database
19Y-12-15 19:19:54.993 [DESKTOP-FGBMJ7H] [main] [info] Starting server on port 8080
19Y-12-15 19:19:55.044 [DESKTOP-FGBMJ7H] [dbConnection] [info] connected to the database
19Y-12-15 19:20:27.814 [DESKTOP-FGBMJ7H] [main] [info] Starting server on port 8080
19Y-12-15 19:20:27.862 [DESKTOP-FGBMJ7H] [dbConnection] [info] connected to the database
19Y-12-15 19:25:18.590 [DESKTOP-FGBMJ7H] [main] [info] Starting server on port 8080
19Y-12-15 19:25:18.632 [DESKTOP-FGBMJ7H] [dbConnection] [info] connected to the database
19Y-12-15 19:25:52.314 [DESKTOP-FGBMJ7H] [getInstance] [info] {
  os_details: { hostname: 'test_os', release: 'ArchLinux uWu', ip: '127.0.0.1' },
  _id: 5df6c673ea38742b6ad7218c,
  scoring_config: 'WIP',
  uid: '8f141298-f7d2-4748-a8ac-4bcf6623653b',
  team: {
    instances: [
      5df6c673ea38742b6ad7218c,
      5df6c6aef33fac2bdaeba489,
      5df6c9d66f27482e1aa2f18b,
      5df6ca32b7a5822ef9a2a25e,
      5df6ca904d58872f56fa809d,
      5df6cc69ef633e3252439a34
    ],
    _id: 5def1511b4ba7c7ae6ffd5cf,
    rounds: [],
    team_name: 'test2',
    team_number: 'OK-124a0',
    uid: '1d825ca7-dd09-4049-a8ed-a73300037962',
    createdAt: 2019-12-10T03:46:25.131Z,
    updatedAt: 2019-12-16T00:14:33.383Z,
    __v: 1
  },
  createdAt: 2019-12-15T23:49:07.089Z,
  updatedAt: 2019-12-15T23:49:07.089Z,
  __v: 0
}
19Y-12-15 19:26:20.286 [DESKTOP-FGBMJ7H] [getTeam] [info] Returning teams
19Y-12-15 20:59:14.051 [DESKTOP-FGBMJ7H] [main] [info] Starting server on port 8080
19Y-12-15 20:59:14.094 [DESKTOP-FGBMJ7H] [dbConnection] [info] connected to the database
19Y-12-15 20:59:30.066 [DESKTOP-FGBMJ7H] [main] [info] Starting server on port 8080
19Y-12-15 20:59:30.104 [DESKTOP-FGBMJ7H] [dbConnection] [info] connected to the database
19Y-12-15 20:59:44.121 [DESKTOP-FGBMJ7H] [main] [info] Starting server on port 8080
19Y-12-15 20:59:44.174 [DESKTOP-FGBMJ7H] [dbConnection] [info] connected to the database
19Y-12-15 20:59:48.124 [DESKTOP-FGBMJ7H] [getTeam] [info] Returning teams
19Y-12-15 21:01:10.823 [DESKTOP-FGBMJ7H] [main] [info] Starting server on port 8080
19Y-12-15 21:01:10.858 [DESKTOP-FGBMJ7H] [dbConnection] [info] connected to the database
19Y-12-15 21:01:15.486 [DESKTOP-FGBMJ7H] [getTeam] [info] Returning teams
19Y-12-15 21:01:20.477 [DESKTOP-FGBMJ7H] [getTeam] [info] Returning teams
19Y-12-15 21:02:07.250 [DESKTOP-FGBMJ7H] [main] [info] Starting server on port 8080
19Y-12-15 21:02:07.281 [DESKTOP-FGBMJ7H] [dbConnection] [info] connected to the database
19Y-12-15 21:02:49.421 [DESKTOP-FGBMJ7H] [main] [info] Starting server on port 8080
19Y-12-15 21:02:49.464 [DESKTOP-FGBMJ7H] [dbConnection] [info] connected to the database
19Y-12-15 21:02:53.074 [DESKTOP-FGBMJ7H] [getTeam] [info] Returning teams
19Y-12-15 21:02:58.122 [DESKTOP-FGBMJ7H] [getInstance] [info] {
  os_details: { hostname: 'test_os', release: 'ArchLinux uWu', ip: '127.0.0.1' },
  _id: 5df6c3c956c63026d28ad368,
  scoring_config: 'WIP',
  uid: '8bf7e369-a451-4739-9f52-44b0921fcc19',
  team: 5def1511b4ba7c7ae6ffd5cf,
  createdAt: 2019-12-15T23:37:45.919Z,
  updatedAt: 2019-12-15T23:37:45.919Z,
  __v: 0
}
19Y-12-15 21:03:03.747 [DESKTOP-FGBMJ7H] [getInstance] [info] {
  os_details: { hostname: 'test_os', release: 'ArchLinux uWu', ip: '127.0.0.1' },
  _id: 5df6c3c956c63026d28ad368,
  scoring_config: 'WIP',
  uid: '8bf7e369-a451-4739-9f52-44b0921fcc19',
  team: {
    instances: [
      5df6c673ea38742b6ad7218c,
      5df6c6aef33fac2bdaeba489,
      5df6c9d66f27482e1aa2f18b,
      5df6ca32b7a5822ef9a2a25e,
      5df6ca904d58872f56fa809d,
      5df6cc69ef633e3252439a34
    ],
    _id: 5def1511b4ba7c7ae6ffd5cf,
    rounds: [],
    team_name: 'test2',
    team_number: 'OK-124a0',
    uid: '1d825ca7-dd09-4049-a8ed-a73300037962',
    createdAt: 2019-12-10T03:46:25.131Z,
    updatedAt: 2019-12-16T00:14:33.383Z,
    __v: 1
  },
  createdAt: 2019-12-15T23:37:45.919Z,
  updatedAt: 2019-12-15T23:37:45.919Z,
  __v: 0
}
19Y-12-15 21:03:08.218 [DESKTOP-FGBMJ7H] [getInstance] [info] {
  os_details: { hostname: 'test_os', release: 'ArchLinux uWu', ip: '127.0.0.1' },
  _id: 5df6c3c956c63026d28ad368,
  scoring_config: 'WIP',
  uid: '8bf7e369-a451-4739-9f52-44b0921fcc19',
  team: 5def1511b4ba7c7ae6ffd5cf,
  createdAt: 2019-12-15T23:37:45.919Z,
  updatedAt: 2019-12-15T23:37:45.919Z,
  __v: 0
}
19Y-12-15 21:07:23.903 [DESKTOP-FGBMJ7H] [insertTeam] [info] Missing / invalid value(s): team_name,team_number
19Y-12-15 21:07:47.693 [DESKTOP-FGBMJ7H] [insertTeam] [info] Inserting new team: {
  instances: [],
  _id: 5df6e6f32e74043a2da3fb22,
  team_name: 'Test_team',
  team_number: 'OK-1234',
  uid: 'f45d2e7b-08af-4df5-a0c7-7508593bfcf1',
  createdAt: 2019-12-16T02:07:47.687Z,
  updatedAt: 2019-12-16T02:07:47.687Z,
  __v: 0
}
19Y-12-15 21:09:36.509 [DESKTOP-FGBMJ7H] [main] [info] Starting server on port 8080
19Y-12-15 21:09:36.556 [DESKTOP-FGBMJ7H] [dbConnection] [info] connected to the database
19Y-12-15 21:09:44.067 [DESKTOP-FGBMJ7H] [insertTeam] [info] Inserting new team: {
  instances: [],
  _id: 5df6e7682df9483c6ea41ccd,
  team_name: 'Test_tea2m',
  team_number: 'OK-12342',
  uid: 'e0d78017-84ac-4319-ace8-14219780af4a',
  createdAt: 2019-12-16T02:09:44.056Z,
  updatedAt: 2019-12-16T02:09:44.056Z,
  __v: 0
}
19Y-12-15 21:09:56.344 [DESKTOP-FGBMJ7H] [main] [info] Starting server on port 8080
19Y-12-15 21:09:56.385 [DESKTOP-FGBMJ7H] [dbConnection] [info] connected to the database
19Y-12-15 21:11:15.552 [DESKTOP-FGBMJ7H] [getTeam] [info] Returning teams
19Y-12-15 21:11:24.884 [DESKTOP-FGBMJ7H] [getTeam] [info] Returning teams
19Y-12-15 21:11:26.307 [DESKTOP-FGBMJ7H] [getTeam] [info] Returning teams
19Y-12-15 21:11:28.215 [DESKTOP-FGBMJ7H] [getTeam] [info] Returning teams
19Y-12-15 21:22:18.910 [DESKTOP-FGBMJ7H] [main] [info] Starting server on port 8080
19Y-12-15 21:22:18.953 [DESKTOP-FGBMJ7H] [dbConnection] [info] connected to the database
19Y-12-15 21:22:21.186 [DESKTOP-FGBMJ7H] [create_new_instance] [info] Missing / invalid value(s): os_details.ip,team.team_name,os_details.network.ip,os_details.network.mac,team,running,round
19Y-12-15 21:22:21.270 [DESKTOP-FGBMJ7H] [create_new_instance] [info] New instance created: 5df6ea5dc1abc53f7739fc31
19Y-12-15 21:22:34.862 [DESKTOP-FGBMJ7H] [main] [info] Starting server on port 8080
19Y-12-15 21:22:34.903 [DESKTOP-FGBMJ7H] [dbConnection] [info] connected to the database
19Y-12-15 21:22:36.669 [DESKTOP-FGBMJ7H] [create_new_instance] [info] Missing / invalid value(s): os_details.ip,team.team_name,os_details.network.ip,os_details.network.mac,team,running,round
19Y-12-15 21:22:36.753 [DESKTOP-FGBMJ7H] [create_new_instance] [info] New instance created: 5df6ea6c6c7db43f953f4f5e
19Y-12-15 21:23:00.728 [DESKTOP-FGBMJ7H] [insertTeam] [info] Missing / invalid value(s): os_details,scoring_config,team,team_name,team_number
19Y-12-15 21:23:05.335 [DESKTOP-FGBMJ7H] [getTeam] [info] Returning teams
19Y-12-15 21:23:32.114 [DESKTOP-FGBMJ7H] [getInstance] [info] {
  os_details: { hostname: 'test_os', release: 'ArchLinux uWu' },
  _id: 5df6ea6c6c7db43f953f4f5e,
  scoring_config: 'WIP',
  uid: 'a80f7d8d-0a11-406c-b926-44c0dd2e5ff4',
  team: 5def1511b4ba7c7ae6ffd5cf,
  createdAt: 2019-12-16T02:22:36.743Z,
  updatedAt: 2019-12-16T02:22:36.743Z,
  __v: 0
}
19Y-12-15 21:23:54.222 [DESKTOP-FGBMJ7H] [getInstance] [info] {
  os_details: { hostname: 'test_os', release: 'ArchLinux uWu' },
  _id: 5df6ea6c6c7db43f953f4f5e,
  scoring_config: 'WIP',
  uid: 'a80f7d8d-0a11-406c-b926-44c0dd2e5ff4',
  team: {
    instances: [
      5df6c673ea38742b6ad7218c,
      5df6c6aef33fac2bdaeba489,
      5df6c9d66f27482e1aa2f18b,
      5df6ca32b7a5822ef9a2a25e,
      5df6ca904d58872f56fa809d,
      5df6cc69ef633e3252439a34,
      5df6ea5dc1abc53f7739fc31,
      5df6ea6c6c7db43f953f4f5e
    ],
    _id: 5def1511b4ba7c7ae6ffd5cf,
    rounds: [],
    team_name: 'test2',
    team_number: 'OK-124a0',
    uid: '1d825ca7-dd09-4049-a8ed-a73300037962',
    createdAt: 2019-12-10T03:46:25.131Z,
    updatedAt: 2019-12-16T02:22:36.758Z,
    __v: 1
  },
  createdAt: 2019-12-16T02:22:36.743Z,
  updatedAt: 2019-12-16T02:22:36.743Z,
  __v: 0
}
19Y-12-15 21:34:11.502 [DESKTOP-FGBMJ7H] [main] [info] Starting server on port 8080
19Y-12-15 21:34:11.546 [DESKTOP-FGBMJ7H] [dbConnection] [info] connected to the database
19Y-12-15 21:35:27.043 [DESKTOP-FGBMJ7H] [main] [info] Starting server on port 8080
19Y-12-15 21:35:27.081 [DESKTOP-FGBMJ7H] [dbConnection] [info] connected to the database
19Y-12-15 21:36:08.958 [DESKTOP-FGBMJ7H] [main] [info] Starting server on port 8080
19Y-12-15 21:36:09.004 [DESKTOP-FGBMJ7H] [dbConnection] [info] connected to the database
