19Y-12-17 18:58:17.224 [DESKTOP-FGBMJ7H] [main] [info] Starting server on port 8080
19Y-12-17 18:58:17.238 [DESKTOP-FGBMJ7H] [dbConnection] [info] connected to the database
19Y-12-17 19:04:12.976 [DESKTOP-FGBMJ7H] [main] [info] Starting server on port 8080
19Y-12-17 19:04:12.993 [DESKTOP-FGBMJ7H] [dbConnection] [info] connected to the database
19Y-12-17 19:05:13.650 [DESKTOP-FGBMJ7H] [main] [info] Starting server on port 8080
19Y-12-17 19:05:23.629 [DESKTOP-FGBMJ7H] [dbConnection] [info] connected to the database
19Y-12-17 19:08:36.198 [DESKTOP-FGBMJ7H] [main] [info] Starting server on port 8080
19Y-12-17 19:08:36.213 [DESKTOP-FGBMJ7H] [dbConnection] [info] connected to the database
19Y-12-17 19:10:55.151 [DESKTOP-FGBMJ7H] [main] [info] Starting server on port 8080
19Y-12-17 19:10:55.194 [DESKTOP-FGBMJ7H] [dbConnection] [info] connected to the database
19Y-12-17 19:11:20.927 [DESKTOP-FGBMJ7H] [main] [info] Starting server on port 8080
19Y-12-17 19:11:20.943 [DESKTOP-FGBMJ7H] [dbConnection] [info] connected to the database
19Y-12-17 19:11:40.802 [DESKTOP-FGBMJ7H] [main] [info] Starting server on port 8080
19Y-12-17 19:11:40.816 [DESKTOP-FGBMJ7H] [dbConnection] [info] connected to the database
19Y-12-17 19:12:28.193 [DESKTOP-FGBMJ7H] [main] [info] Starting server on port 8080
19Y-12-17 19:12:28.207 [DESKTOP-FGBMJ7H] [dbConnection] [info] connected to the database
19Y-12-17 19:12:50.098 [DESKTOP-FGBMJ7H] [main] [info] Starting server on port 8080
19Y-12-17 19:12:50.115 [DESKTOP-FGBMJ7H] [dbConnection] [info] connected to the database
19Y-12-17 19:14:03.718 [DESKTOP-FGBMJ7H] [main] [info] Starting server on port 8080
19Y-12-17 19:14:03.735 [DESKTOP-FGBMJ7H] [dbConnection] [info] connected to the database
19Y-12-17 19:17:02.590 [DESKTOP-FGBMJ7H] [main] [info] Starting server on port 8080
19Y-12-17 19:17:02.607 [DESKTOP-FGBMJ7H] [dbConnection] [info] connected to the database
19Y-12-17 19:17:33.134 [DESKTOP-FGBMJ7H] [main] [info] Starting server on port 8080
19Y-12-17 19:17:33.147 [DESKTOP-FGBMJ7H] [dbConnection] [info] connected to the database
19Y-12-17 19:17:36.446 [DESKTOP-FGBMJ7H] [main] [info] Starting server on port 8080
19Y-12-17 19:17:36.458 [DESKTOP-FGBMJ7H] [dbConnection] [info] connected to the database
19Y-12-17 19:23:24.266 [DESKTOP-FGBMJ7H] [main] [info] Starting server on port 8080
19Y-12-17 19:23:24.279 [DESKTOP-FGBMJ7H] [dbConnection] [info] connected to the database
19Y-12-17 19:28:14.125 [DESKTOP-FGBMJ7H] [main] [info] Starting server on port 8080
19Y-12-17 19:28:24.118 [DESKTOP-FGBMJ7H] [dbConnection] [info] connected to the database
19Y-12-17 19:28:34.890 [DESKTOP-FGBMJ7H] [main] [info] Starting server on port 8080
19Y-12-17 19:28:39.955 [DESKTOP-FGBMJ7H] [dbConnection] [info] connected to the database
19Y-12-17 19:28:52.404 [DESKTOP-FGBMJ7H] [main] [info] Starting server on port 8080
19Y-12-17 19:28:52.419 [DESKTOP-FGBMJ7H] [dbConnection] [info] connected to the database
19Y-12-17 19:35:37.927 [DESKTOP-FGBMJ7H] [main] [info] Starting server on port 8080
19Y-12-17 19:35:37.941 [DESKTOP-FGBMJ7H] [dbConnection] [info] connected to the database
19Y-12-17 19:36:15.226 [DESKTOP-FGBMJ7H] [main] [info] Starting server on port 8080
19Y-12-17 19:36:15.245 [DESKTOP-FGBMJ7H] [dbConnection] [info] connected to the database
19Y-12-17 19:37:55.621 [DESKTOP-FGBMJ7H] [main] [info] Starting server on port 8080
19Y-12-17 19:37:55.638 [DESKTOP-FGBMJ7H] [dbConnection] [info] connected to the database
19Y-12-17 19:38:07.040 [DESKTOP-FGBMJ7H] [create_round] [info] Creating a new round {
  _id: 5df974eea7a5a05b3e7daa95,
  name: 'Oklahoma Cup',
  config: { timeLimit: 1970-01-01T00:00:00.050Z, instanceLimit: 1 },
  teams: [],
  uid: '6912a717-d7a9-45c1-bb90-56becf0c2033',
  createdAt: 2019-12-18T00:38:07.006Z,
  updatedAt: 2019-12-18T00:38:07.006Z,
  __v: 0
}
19Y-12-17 19:43:31.739 [DESKTOP-FGBMJ7H] [getRound] [info] Bad value passed: undefined
19Y-12-17 19:43:31.744 [DESKTOP-FGBMJ7H] [getRound] [info] {
  config: { timeLimit: 1970-01-01T00:00:00.050Z, instanceLimit: 1 },
  _id: 5df974eea7a5a05b3e7daa95,
  name: 'Oklahoma Cup',
  teams: [],
  uid: '6912a717-d7a9-45c1-bb90-56becf0c2033',
  createdAt: 2019-12-18T00:38:07.006Z,
  updatedAt: 2019-12-18T00:38:07.006Z,
  __v: 0
}
19Y-12-17 19:44:15.323 [DESKTOP-FGBMJ7H] [main] [info] Starting server on port 8080
19Y-12-17 19:44:15.336 [DESKTOP-FGBMJ7H] [dbConnection] [info] connected to the database
19Y-12-17 19:44:40.360 [DESKTOP-FGBMJ7H] [getRound] [info] Bad value passed: undefined
19Y-12-17 19:44:40.394 [DESKTOP-FGBMJ7H] [getRound] [info] {
  config: { timeLimit: 1970-01-01T00:00:00.050Z, instanceLimit: 1 },
  _id: 5df974eea7a5a05b3e7daa95,
  name: 'Oklahoma Cup',
  teams: [],
  uid: '6912a717-d7a9-45c1-bb90-56becf0c2033',
  createdAt: 2019-12-18T00:38:07.006Z,
  updatedAt: 2019-12-18T00:38:07.006Z,
  __v: 0
}
19Y-12-17 19:45:09.155 [DESKTOP-FGBMJ7H] [main] [info] Starting server on port 8080
19Y-12-17 19:45:14.167 [DESKTOP-FGBMJ7H] [dbConnection] [info] connected to the database
19Y-12-17 19:45:16.674 [DESKTOP-FGBMJ7H] [getRound] [info] Bad value passed: undefined
19Y-12-17 19:45:16.706 [DESKTOP-FGBMJ7H] [getRound] [info] {
  config: { timeLimit: 1970-01-01T00:00:00.050Z, instanceLimit: 1 },
  _id: 5df974eea7a5a05b3e7daa95,
  name: 'Oklahoma Cup',
  teams: [],
  uid: '6912a717-d7a9-45c1-bb90-56becf0c2033',
  createdAt: 2019-12-18T00:38:07.006Z,
  updatedAt: 2019-12-18T00:38:07.006Z,
  __v: 0
}
19Y-12-17 19:49:02.708 [DESKTOP-FGBMJ7H] [main] [info] Starting server on port 8080
19Y-12-17 19:49:02.722 [DESKTOP-FGBMJ7H] [dbConnection] [info] connected to the database
19Y-12-17 19:49:10.785 [DESKTOP-FGBMJ7H] [getRound] [info] {
  config: { timeLimit: 1970-01-01T00:00:00.050Z, instanceLimit: 1 },
  _id: 5df974eea7a5a05b3e7daa95,
  name: 'Oklahoma Cup',
  teams: [],
  uid: '6912a717-d7a9-45c1-bb90-56becf0c2033',
  createdAt: 2019-12-18T00:38:07.006Z,
  updatedAt: 2019-12-18T00:38:07.006Z,
  __v: 0
}
19Y-12-17 19:49:30.277 [DESKTOP-FGBMJ7H] [getRound] [info] Bad value passed: undefined
19Y-12-17 19:49:30.281 [DESKTOP-FGBMJ7H] [info] [object Object]
19Y-12-17 19:49:49.468 [DESKTOP-FGBMJ7H] [main] [info] Starting server on port 8080
19Y-12-17 19:49:49.482 [DESKTOP-FGBMJ7H] [dbConnection] [info] connected to the database
19Y-12-17 19:49:54.671 [DESKTOP-FGBMJ7H] [getRound] [info] Bad value passed: undefined
19Y-12-17 19:49:54.693 [DESKTOP-FGBMJ7H] [info] [object Object]
19Y-12-17 19:50:19.996 [DESKTOP-FGBMJ7H] [main] [info] Starting server on port 8080
19Y-12-17 19:50:20.009 [DESKTOP-FGBMJ7H] [dbConnection] [info] connected to the database
19Y-12-17 19:50:39.554 [DESKTOP-FGBMJ7H] [main] [info] Starting server on port 8080
19Y-12-17 19:50:39.572 [DESKTOP-FGBMJ7H] [dbConnection] [info] connected to the database
19Y-12-17 19:50:47.555 [DESKTOP-FGBMJ7H] [info] [object Object]
19Y-12-17 19:50:50.359 [DESKTOP-FGBMJ7H] [getRound] [info] {
  config: { timeLimit: 1970-01-01T00:00:00.050Z, instanceLimit: 1 },
  _id: 5df974eea7a5a05b3e7daa95,
  name: 'Oklahoma Cup',
  teams: [],
  uid: '6912a717-d7a9-45c1-bb90-56becf0c2033',
  createdAt: 2019-12-18T00:38:07.006Z,
  updatedAt: 2019-12-18T00:38:07.006Z,
  __v: 0
}
19Y-12-17 19:51:15.778 [DESKTOP-FGBMJ7H] [main] [info] Starting server on port 8080
19Y-12-17 19:51:15.795 [DESKTOP-FGBMJ7H] [dbConnection] [info] connected to the database
